{"numTotalTestSuites":196,"numPassedTestSuites":196,"numFailedTestSuites":0,"numPendingTestSuites":0,"numTotalTests":471,"numPassedTests":462,"numFailedTests":9,"numPendingTests":0,"numTodoTests":0,"startTime":1769939082590,"success":false,"testResults":[{"assertionResults":[{"ancestorTitles":["","ScanHistoryPage","rendering"],"fullName":" ScanHistoryPage rendering should render page header","status":"passed","title":"should render page header","duration":22,"failureMessages":[]},{"ancestorTitles":["","ScanHistoryPage","rendering"],"fullName":" ScanHistoryPage rendering should render filter panel","status":"passed","title":"should render filter panel","duration":4,"failureMessages":[]},{"ancestorTitles":["","ScanHistoryPage","rendering"],"fullName":" ScanHistoryPage rendering should render scan list table in list view","status":"passed","title":"should render scan list table in list view","duration":3,"failureMessages":[]},{"ancestorTitles":["","ScanHistoryPage","rendering"],"fullName":" ScanHistoryPage rendering should render scan count badge","status":"passed","title":"should render scan count badge","duration":4,"failureMessages":[]},{"ancestorTitles":["","ScanHistoryPage","rendering"],"fullName":" ScanHistoryPage rendering should render view mode toggle buttons","status":"passed","title":"should render view mode toggle buttons","duration":6,"failureMessages":[]},{"ancestorTitles":["","ScanHistoryPage","rendering"],"fullName":" ScanHistoryPage rendering should render refresh button","status":"passed","title":"should render refresh button","duration":37,"failureMessages":[]},{"ancestorTitles":["","ScanHistoryPage","rendering"],"fullName":" ScanHistoryPage rendering should render share button","status":"passed","title":"should render share button","duration":21,"failureMessages":[]},{"ancestorTitles":["","ScanHistoryPage","loading state"],"fullName":" ScanHistoryPage loading state should show loading spinner when data is loading","status":"passed","title":"should show loading spinner when data is loading","duration":2,"failureMessages":[]},{"ancestorTitles":["","ScanHistoryPage","loading state"],"fullName":" ScanHistoryPage loading state should show list loading state","status":"passed","title":"should show list loading state","duration":6,"failureMessages":[]},{"ancestorTitles":["","ScanHistoryPage","error state"],"fullName":" ScanHistoryPage error state should show error message when fetch fails","status":"passed","title":"should show error message when fetch fails","duration":3,"failureMessages":[]},{"ancestorTitles":["","ScanHistoryPage","error state"],"fullName":" ScanHistoryPage error state should show retry button on error","status":"passed","title":"should show retry button on error","duration":31,"failureMessages":[]},{"ancestorTitles":["","ScanHistoryPage","empty state"],"fullName":" ScanHistoryPage empty state should show empty message when no scans","status":"passed","title":"should show empty message when no scans","duration":4,"failureMessages":[]},{"ancestorTitles":["","ScanHistoryPage","empty state"],"fullName":" ScanHistoryPage empty state should show filter-specific message when filters active","status":"passed","title":"should show filter-specific message when filters active","duration":14,"failureMessages":[]},{"ancestorTitles":["","ScanHistoryPage","view mode toggle"],"fullName":" ScanHistoryPage view mode toggle should switch to timeline view when timeline button clicked","status":"passed","title":"should switch to timeline view when timeline button clicked","duration":15,"failureMessages":[]},{"ancestorTitles":["","ScanHistoryPage","view mode toggle"],"fullName":" ScanHistoryPage view mode toggle should switch to list view when list button clicked","status":"passed","title":"should switch to list view when list button clicked","duration":12,"failureMessages":[]},{"ancestorTitles":["","ScanHistoryPage","view mode toggle"],"fullName":" ScanHistoryPage view mode toggle should render timeline chart when in timeline view","status":"passed","title":"should render timeline chart when in timeline view","duration":4,"failureMessages":[]},{"ancestorTitles":["","ScanHistoryPage","filter interactions"],"fullName":" ScanHistoryPage filter interactions should call setFilters when filter is applied","status":"passed","title":"should call setFilters when filter is applied","duration":12,"failureMessages":[]},{"ancestorTitles":["","ScanHistoryPage","filter interactions"],"fullName":" ScanHistoryPage filter interactions should call resetFilters when reset clicked","status":"passed","title":"should call resetFilters when reset clicked","duration":11,"failureMessages":[]},{"ancestorTitles":["","ScanHistoryPage","refresh functionality"],"fullName":" ScanHistoryPage refresh functionality should call refetch when refresh button clicked","status":"passed","title":"should call refetch when refresh button clicked","duration":24,"failureMessages":[]},{"ancestorTitles":["","ScanHistoryPage","refresh functionality"],"fullName":" ScanHistoryPage refresh functionality should disable refresh button when fetching","status":"passed","title":"should disable refresh button when fetching","duration":11,"failureMessages":[]},{"ancestorTitles":["","ScanHistoryPage","share functionality"],"fullName":" ScanHistoryPage share functionality should copy shareable URL when share clicked","status":"passed","title":"should copy shareable URL when share clicked","duration":21,"failureMessages":[]},{"ancestorTitles":["","ScanHistoryPage","comparison panel"],"fullName":" ScanHistoryPage comparison panel should not show comparison panel by default","status":"passed","title":"should not show comparison panel by default","duration":6,"failureMessages":[]},{"ancestorTitles":["","ScanHistoryPage","comparison panel"],"fullName":" ScanHistoryPage comparison panel should show comparison panel when baseline scan is selected","status":"passed","title":"should show comparison panel when baseline scan is selected","duration":3,"failureMessages":[]},{"ancestorTitles":["","ScanHistoryPage","comparison panel"],"fullName":" ScanHistoryPage comparison panel should show comparison panel when comparison scan is selected","status":"passed","title":"should show comparison panel when comparison scan is selected","duration":4,"failureMessages":[]},{"ancestorTitles":["","ScanHistoryPage","scan selection"],"fullName":" ScanHistoryPage scan selection should call setSelectedScanId when scan is clicked","status":"passed","title":"should call setSelectedScanId when scan is clicked","duration":18,"failureMessages":[]},{"ancestorTitles":["","ScanHistoryPage","timeline view"],"fullName":" ScanHistoryPage timeline view should render timeline chart","status":"passed","title":"should render timeline chart","duration":3,"failureMessages":[]},{"ancestorTitles":["","ScanHistoryPage","timeline view"],"fullName":" ScanHistoryPage timeline view should show loading state in timeline","status":"passed","title":"should show loading state in timeline","duration":3,"failureMessages":[]},{"ancestorTitles":["","ScanHistoryPage","timeline view"],"fullName":" ScanHistoryPage timeline view should show error in timeline","status":"passed","title":"should show error in timeline","duration":4,"failureMessages":[]},{"ancestorTitles":["","ScanHistoryPage","timeline view"],"fullName":" ScanHistoryPage timeline view should call setTimelineZoom when zoom is changed","status":"passed","title":"should call setTimelineZoom when zoom is changed","duration":14,"failureMessages":[]},{"ancestorTitles":["","ScanHistoryPage","props"],"fullName":" ScanHistoryPage props should use defaultView prop","status":"passed","title":"should use defaultView prop","duration":4,"failureMessages":[]},{"ancestorTitles":["","ScanHistoryPage","props"],"fullName":" ScanHistoryPage props should set initial scan selection from props","status":"passed","title":"should set initial scan selection from props","duration":4,"failureMessages":[]},{"ancestorTitles":["","ScanHistoryPage","props"],"fullName":" ScanHistoryPage props should use custom onNavigate when provided","status":"passed","title":"should use custom onNavigate when provided","duration":2,"failureMessages":[]},{"ancestorTitles":["","ScanHistoryPage","accessibility"],"fullName":" ScanHistoryPage accessibility should have proper heading hierarchy","status":"passed","title":"should have proper heading hierarchy","duration":7,"failureMessages":[]},{"ancestorTitles":["","ScanHistoryPage","accessibility"],"fullName":" ScanHistoryPage accessibility should have aria-pressed on view toggle buttons","status":"passed","title":"should have aria-pressed on view toggle buttons","duration":4,"failureMessages":[]}],"startTime":1769939085341,"endTime":1769939085688,"status":"passed","message":"","name":"/Volumes/Externalwork/code-reviewer/ui/src/features/scan-history/__tests__/components/ScanHistoryPage.test.tsx"},{"assertionResults":[{"ancestorTitles":["","Scan History Query Hooks","useScanHistory"],"fullName":" Scan History Query Hooks useScanHistory should fetch scan history data","status":"passed","title":"should fetch scan history data","duration":69,"failureMessages":[]},{"ancestorTitles":["","Scan History Query Hooks","useScanHistory"],"fullName":" Scan History Query Hooks useScanHistory should pass params to API","status":"passed","title":"should pass params to API","duration":54,"failureMessages":[]},{"ancestorTitles":["","Scan History Query Hooks","useScanHistory"],"fullName":" Scan History Query Hooks useScanHistory should not fetch when disabled","status":"passed","title":"should not fetch when disabled","duration":1,"failureMessages":[]},{"ancestorTitles":["","Scan History Query Hooks","useScanHistory"],"fullName":" Scan History Query Hooks useScanHistory should return pagination data","status":"passed","title":"should return pagination data","duration":54,"failureMessages":[]},{"ancestorTitles":["","Scan History Query Hooks","useScanHistory"],"fullName":" Scan History Query Hooks useScanHistory should handle fetch error","status":"skipped","title":"should handle fetch error","failureMessages":[]},{"ancestorTitles":["","Scan History Query Hooks","useScanHistory"],"fullName":" Scan History Query Hooks useScanHistory should return empty scans array when data is undefined","status":"passed","title":"should return empty scans array when data is undefined","duration":54,"failureMessages":[]},{"ancestorTitles":["","Scan History Query Hooks","useScanDetail"],"fullName":" Scan History Query Hooks useScanDetail should fetch scan detail","status":"passed","title":"should fetch scan detail","duration":54,"failureMessages":[]},{"ancestorTitles":["","Scan History Query Hooks","useScanDetail"],"fullName":" Scan History Query Hooks useScanDetail should not fetch when scanId is null","status":"passed","title":"should not fetch when scanId is null","duration":2,"failureMessages":[]},{"ancestorTitles":["","Scan History Query Hooks","useScanDetail"],"fullName":" Scan History Query Hooks useScanDetail should not fetch when disabled","status":"passed","title":"should not fetch when disabled","duration":1,"failureMessages":[]},{"ancestorTitles":["","Scan History Query Hooks","useScanDetail"],"fullName":" Scan History Query Hooks useScanDetail should handle fetch error","status":"passed","title":"should handle fetch error","duration":55,"failureMessages":[]},{"ancestorTitles":["","Scan History Query Hooks","useScanDiff"],"fullName":" Scan History Query Hooks useScanDiff should fetch diff when both scan IDs provided","status":"passed","title":"should fetch diff when both scan IDs provided","duration":53,"failureMessages":[]},{"ancestorTitles":["","Scan History Query Hooks","useScanDiff"],"fullName":" Scan History Query Hooks useScanDiff should not fetch when baselineScanId is null","status":"passed","title":"should not fetch when baselineScanId is null","duration":1,"failureMessages":[]},{"ancestorTitles":["","Scan History Query Hooks","useScanDiff"],"fullName":" Scan History Query Hooks useScanDiff should not fetch when comparisonScanId is null","status":"passed","title":"should not fetch when comparisonScanId is null","duration":1,"failureMessages":[]},{"ancestorTitles":["","Scan History Query Hooks","useScanDiff"],"fullName":" Scan History Query Hooks useScanDiff should provide compute function","status":"passed","title":"should provide compute function","duration":55,"failureMessages":[]},{"ancestorTitles":["","Scan History Query Hooks","useScanDiff"],"fullName":" Scan History Query Hooks useScanDiff should provide clear function","status":"passed","title":"should provide clear function","duration":55,"failureMessages":[]},{"ancestorTitles":["","Scan History Query Hooks","useScanTimeline"],"fullName":" Scan History Query Hooks useScanTimeline should fetch timeline data","status":"passed","title":"should fetch timeline data","duration":54,"failureMessages":[]},{"ancestorTitles":["","Scan History Query Hooks","useScanTimeline"],"fullName":" Scan History Query Hooks useScanTimeline should not fetch when disabled","status":"passed","title":"should not fetch when disabled","duration":1,"failureMessages":[]},{"ancestorTitles":["","Scan History Query Hooks","useScanTimeline"],"fullName":" Scan History Query Hooks useScanTimeline should return zoom level based on date range","status":"passed","title":"should return zoom level based on date range","duration":53,"failureMessages":[]},{"ancestorTitles":["","Scan History Query Hooks","useScanTimeline"],"fullName":" Scan History Query Hooks useScanTimeline should return week granularity for larger ranges","status":"passed","title":"should return week granularity for larger ranges","duration":55,"failureMessages":[]},{"ancestorTitles":["","Scan History Query Hooks","useExportScans"],"fullName":" Scan History Query Hooks useExportScans should export scans","status":"passed","title":"should export scans","duration":2,"failureMessages":[]},{"ancestorTitles":["","Scan History Query Hooks","useExportScans"],"fullName":" Scan History Query Hooks useExportScans should track exporting state","status":"passed","title":"should track exporting state","duration":1,"failureMessages":[]},{"ancestorTitles":["","Scan History Query Hooks","useExportScans"],"fullName":" Scan History Query Hooks useExportScans should call onError on failure","status":"passed","title":"should call onError on failure","duration":0,"failureMessages":[]},{"ancestorTitles":["","Scan History Query Hooks","useInvalidateScanHistory"],"fullName":" Scan History Query Hooks useInvalidateScanHistory should invalidate all scan history queries","status":"passed","title":"should invalidate all scan history queries","duration":57,"failureMessages":[]},{"ancestorTitles":["","Scan History Query Hooks","useInvalidateScanHistory"],"fullName":" Scan History Query Hooks useInvalidateScanHistory should invalidate list queries only","status":"passed","title":"should invalidate list queries only","duration":55,"failureMessages":[]},{"ancestorTitles":["","Scan History Query Hooks","useInvalidateScanHistory"],"fullName":" Scan History Query Hooks useInvalidateScanHistory should invalidate specific scan","status":"passed","title":"should invalidate specific scan","duration":55,"failureMessages":[]},{"ancestorTitles":["","Scan History Query Hooks","usePrefetchScan"],"fullName":" Scan History Query Hooks usePrefetchScan should prefetch scan detail","status":"passed","title":"should prefetch scan detail","duration":2,"failureMessages":[]},{"ancestorTitles":["","Scan History Query Hooks","usePrefetchScan"],"fullName":" Scan History Query Hooks usePrefetchScan should prefetch scan list","status":"passed","title":"should prefetch scan list","duration":2,"failureMessages":[]},{"ancestorTitles":["","Scan History Query Hooks","useScanHistoryOptimisticUpdate"],"fullName":" Scan History Query Hooks useScanHistoryOptimisticUpdate should optimistically update scan in list","status":"passed","title":"should optimistically update scan in list","duration":2,"failureMessages":[]},{"ancestorTitles":["","Scan History Query Hooks","useScanHistoryOptimisticUpdate"],"fullName":" Scan History Query Hooks useScanHistoryOptimisticUpdate should return rollback function","status":"passed","title":"should return rollback function","duration":0,"failureMessages":[]},{"ancestorTitles":["","Scan History Query Hooks","useScanHistoryOptimisticUpdate"],"fullName":" Scan History Query Hooks useScanHistoryOptimisticUpdate should optimistically remove scan from list","status":"passed","title":"should optimistically remove scan from list","duration":1,"failureMessages":[]},{"ancestorTitles":["","Scan History Query Hooks","scanHistoryListQueryOptions"],"fullName":" Scan History Query Hooks scanHistoryListQueryOptions should create query options with correct key","status":"passed","title":"should create query options with correct key","duration":0,"failureMessages":[]},{"ancestorTitles":["","Scan History Query Hooks","scanHistoryListQueryOptions"],"fullName":" Scan History Query Hooks scanHistoryListQueryOptions should include stale time","status":"passed","title":"should include stale time","duration":0,"failureMessages":[]},{"ancestorTitles":["","Scan History Query Hooks","scanDetailQueryOptions"],"fullName":" Scan History Query Hooks scanDetailQueryOptions should create query options with correct key","status":"passed","title":"should create query options with correct key","duration":0,"failureMessages":[]},{"ancestorTitles":["","Scan History Query Hooks","scanDetailQueryOptions"],"fullName":" Scan History Query Hooks scanDetailQueryOptions should be disabled when scanId is null","status":"passed","title":"should be disabled when scanId is null","duration":0,"failureMessages":[]},{"ancestorTitles":["","Scan History Query Hooks","scanDiffQueryOptions"],"fullName":" Scan History Query Hooks scanDiffQueryOptions should create query options with correct key","status":"passed","title":"should create query options with correct key","duration":0,"failureMessages":[]},{"ancestorTitles":["","Scan History Query Hooks","scanDiffQueryOptions"],"fullName":" Scan History Query Hooks scanDiffQueryOptions should be disabled when either scanId is null","status":"passed","title":"should be disabled when either scanId is null","duration":0,"failureMessages":[]},{"ancestorTitles":["","Scan History Query Hooks","scanHistoryQueryKeys"],"fullName":" Scan History Query Hooks scanHistoryQueryKeys should generate correct all key","status":"passed","title":"should generate correct all key","duration":0,"failureMessages":[]},{"ancestorTitles":["","Scan History Query Hooks","scanHistoryQueryKeys"],"fullName":" Scan History Query Hooks scanHistoryQueryKeys should generate correct lists key","status":"passed","title":"should generate correct lists key","duration":0,"failureMessages":[]},{"ancestorTitles":["","Scan History Query Hooks","scanHistoryQueryKeys"],"fullName":" Scan History Query Hooks scanHistoryQueryKeys should generate correct list key with params","status":"passed","title":"should generate correct list key with params","duration":0,"failureMessages":[]},{"ancestorTitles":["","Scan History Query Hooks","scanHistoryQueryKeys"],"fullName":" Scan History Query Hooks scanHistoryQueryKeys should generate correct list key without params","status":"passed","title":"should generate correct list key without params","duration":0,"failureMessages":[]},{"ancestorTitles":["","Scan History Query Hooks","scanHistoryQueryKeys"],"fullName":" Scan History Query Hooks scanHistoryQueryKeys should generate correct details key","status":"passed","title":"should generate correct details key","duration":0,"failureMessages":[]},{"ancestorTitles":["","Scan History Query Hooks","scanHistoryQueryKeys"],"fullName":" Scan History Query Hooks scanHistoryQueryKeys should generate correct detail key","status":"passed","title":"should generate correct detail key","duration":0,"failureMessages":[]},{"ancestorTitles":["","Scan History Query Hooks","scanHistoryQueryKeys"],"fullName":" Scan History Query Hooks scanHistoryQueryKeys should generate correct diffs key","status":"passed","title":"should generate correct diffs key","duration":0,"failureMessages":[]},{"ancestorTitles":["","Scan History Query Hooks","scanHistoryQueryKeys"],"fullName":" Scan History Query Hooks scanHistoryQueryKeys should generate correct diff key","status":"passed","title":"should generate correct diff key","duration":0,"failureMessages":[]},{"ancestorTitles":["","Scan History Query Hooks","scanHistoryQueryKeys"],"fullName":" Scan History Query Hooks scanHistoryQueryKeys should generate correct timelines key","status":"passed","title":"should generate correct timelines key","duration":0,"failureMessages":[]},{"ancestorTitles":["","Scan History Query Hooks","scanHistoryQueryKeys"],"fullName":" Scan History Query Hooks scanHistoryQueryKeys should generate correct timeline key","status":"passed","title":"should generate correct timeline key","duration":0,"failureMessages":[]},{"ancestorTitles":["","Scan History Query Hooks","scanHistoryQueryKeys"],"fullName":" Scan History Query Hooks scanHistoryQueryKeys should generate correct repository key","status":"passed","title":"should generate correct repository key","duration":0,"failureMessages":[]}],"startTime":1769939084406,"endTime":1769939085258,"status":"passed","message":"","name":"/Volumes/Externalwork/code-reviewer/ui/src/features/scan-history/__tests__/hooks/queries.test.tsx"},{"assertionResults":[{"ancestorTitles":["","useScanHistoryUrlState","initialization"],"fullName":" useScanHistoryUrlState initialization should initialize with default filters","status":"passed","title":"should initialize with default filters","duration":3,"failureMessages":[]},{"ancestorTitles":["","useScanHistoryUrlState","initialization"],"fullName":" useScanHistoryUrlState initialization should parse filters from URL params","status":"passed","title":"should parse filters from URL params","duration":1,"failureMessages":[]},{"ancestorTitles":["","useScanHistoryUrlState","initialization"],"fullName":" useScanHistoryUrlState initialization should parse selected scan from URL","status":"passed","title":"should parse selected scan from URL","duration":1,"failureMessages":[]},{"ancestorTitles":["","useScanHistoryUrlState","initialization"],"fullName":" useScanHistoryUrlState initialization should parse comparison scan from URL","status":"passed","title":"should parse comparison scan from URL","duration":1,"failureMessages":[]},{"ancestorTitles":["","useScanHistoryUrlState","initialization"],"fullName":" useScanHistoryUrlState initialization should parse view mode from URL","status":"passed","title":"should parse view mode from URL","duration":1,"failureMessages":[]},{"ancestorTitles":["","useScanHistoryUrlState","initialization"],"fullName":" useScanHistoryUrlState initialization should parse timeline zoom from URL","status":"passed","title":"should parse timeline zoom from URL","duration":0,"failureMessages":[]},{"ancestorTitles":["","useScanHistoryUrlState","initialization"],"fullName":" useScanHistoryUrlState initialization should parse pagination from URL","status":"passed","title":"should parse pagination from URL","duration":1,"failureMessages":[]},{"ancestorTitles":["","useScanHistoryUrlState","initialization"],"fullName":" useScanHistoryUrlState initialization should use default filters when provided in options","status":"passed","title":"should use default filters when provided in options","duration":1,"failureMessages":[]},{"ancestorTitles":["","useScanHistoryUrlState","initialization"],"fullName":" useScanHistoryUrlState initialization should ignore invalid page values","status":"passed","title":"should ignore invalid page values","duration":0,"failureMessages":[]},{"ancestorTitles":["","useScanHistoryUrlState","initialization"],"fullName":" useScanHistoryUrlState initialization should ignore page values less than 1","status":"passed","title":"should ignore page values less than 1","duration":1,"failureMessages":[]},{"ancestorTitles":["","useScanHistoryUrlState","initialization"],"fullName":" useScanHistoryUrlState initialization should cap limit at 100","status":"passed","title":"should cap limit at 100","duration":0,"failureMessages":[]},{"ancestorTitles":["","useScanHistoryUrlState","setFilters"],"fullName":" useScanHistoryUrlState setFilters should update filters state","status":"passed","title":"should update filters state","duration":1,"failureMessages":[]},{"ancestorTitles":["","useScanHistoryUrlState","setFilters"],"fullName":" useScanHistoryUrlState setFilters should reset pagination to page 1","status":"passed","title":"should reset pagination to page 1","duration":1,"failureMessages":[]},{"ancestorTitles":["","useScanHistoryUrlState","setFilters"],"fullName":" useScanHistoryUrlState setFilters should update URL after debounce","status":"passed","title":"should update URL after debounce","duration":1,"failureMessages":[]},{"ancestorTitles":["","useScanHistoryUrlState","setFilters"],"fullName":" useScanHistoryUrlState setFilters should call onFiltersChange callback","status":"passed","title":"should call onFiltersChange callback","duration":1,"failureMessages":[]},{"ancestorTitles":["","useScanHistoryUrlState","updateFilter"],"fullName":" useScanHistoryUrlState updateFilter should update a single filter field","status":"passed","title":"should update a single filter field","duration":1,"failureMessages":[]},{"ancestorTitles":["","useScanHistoryUrlState","updateFilter"],"fullName":" useScanHistoryUrlState updateFilter should reset pagination","status":"passed","title":"should reset pagination","duration":1,"failureMessages":[]},{"ancestorTitles":["","useScanHistoryUrlState","resetFilters"],"fullName":" useScanHistoryUrlState resetFilters should reset to default filters","status":"passed","title":"should reset to default filters","duration":0,"failureMessages":[]},{"ancestorTitles":["","useScanHistoryUrlState","resetFilters"],"fullName":" useScanHistoryUrlState resetFilters should reset to custom default filters","status":"passed","title":"should reset to custom default filters","duration":1,"failureMessages":[]},{"ancestorTitles":["","useScanHistoryUrlState","setSelectedScanId"],"fullName":" useScanHistoryUrlState setSelectedScanId should update selected scan","status":"passed","title":"should update selected scan","duration":1,"failureMessages":[]},{"ancestorTitles":["","useScanHistoryUrlState","setSelectedScanId"],"fullName":" useScanHistoryUrlState setSelectedScanId should clear selected scan with null","status":"passed","title":"should clear selected scan with null","duration":1,"failureMessages":[]},{"ancestorTitles":["","useScanHistoryUrlState","setSelectedScanId"],"fullName":" useScanHistoryUrlState setSelectedScanId should call onSelectionChange callback","status":"passed","title":"should call onSelectionChange callback","duration":0,"failureMessages":[]},{"ancestorTitles":["","useScanHistoryUrlState","setCompareScanId"],"fullName":" useScanHistoryUrlState setCompareScanId should update comparison scan","status":"passed","title":"should update comparison scan","duration":1,"failureMessages":[]},{"ancestorTitles":["","useScanHistoryUrlState","setCompareScanId"],"fullName":" useScanHistoryUrlState setCompareScanId should clear comparison scan with null","status":"passed","title":"should clear comparison scan with null","duration":0,"failureMessages":[]},{"ancestorTitles":["","useScanHistoryUrlState","setViewMode"],"fullName":" useScanHistoryUrlState setViewMode should switch to timeline view","status":"passed","title":"should switch to timeline view","duration":0,"failureMessages":[]},{"ancestorTitles":["","useScanHistoryUrlState","setViewMode"],"fullName":" useScanHistoryUrlState setViewMode should switch to list view","status":"passed","title":"should switch to list view","duration":1,"failureMessages":[]},{"ancestorTitles":["","useScanHistoryUrlState","setViewMode"],"fullName":" useScanHistoryUrlState setViewMode should call onViewModeChange callback","status":"passed","title":"should call onViewModeChange callback","duration":0,"failureMessages":[]},{"ancestorTitles":["","useScanHistoryUrlState","setTimelineZoom"],"fullName":" useScanHistoryUrlState setTimelineZoom should update timeline zoom level","status":"passed","title":"should update timeline zoom level","duration":2,"failureMessages":[]},{"ancestorTitles":["","useScanHistoryUrlState","setTimelineZoom"],"fullName":" useScanHistoryUrlState setTimelineZoom should support all zoom levels","status":"passed","title":"should support all zoom levels","duration":1,"failureMessages":[]},{"ancestorTitles":["","useScanHistoryUrlState","setPage"],"fullName":" useScanHistoryUrlState setPage should update current page","status":"passed","title":"should update current page","duration":0,"failureMessages":[]},{"ancestorTitles":["","useScanHistoryUrlState","setLimit"],"fullName":" useScanHistoryUrlState setLimit should update page size","status":"passed","title":"should update page size","duration":1,"failureMessages":[]},{"ancestorTitles":["","useScanHistoryUrlState","setLimit"],"fullName":" useScanHistoryUrlState setLimit should reset to page 1 when changing limit","status":"passed","title":"should reset to page 1 when changing limit","duration":1,"failureMessages":[]},{"ancestorTitles":["","useScanHistoryUrlState","clearUrlState"],"fullName":" useScanHistoryUrlState clearUrlState should clear all state","status":"passed","title":"should clear all state","duration":1,"failureMessages":[]},{"ancestorTitles":["","useScanHistoryUrlState","clearUrlState"],"fullName":" useScanHistoryUrlState clearUrlState should clear URL params","status":"passed","title":"should clear URL params","duration":1,"failureMessages":[]},{"ancestorTitles":["","useScanHistoryUrlState","getShareableUrl"],"fullName":" useScanHistoryUrlState getShareableUrl should generate shareable URL with current state","status":"passed","title":"should generate shareable URL with current state","duration":2,"failureMessages":[]},{"ancestorTitles":["","useScanHistoryUrlState","getShareableUrl"],"fullName":" useScanHistoryUrlState getShareableUrl should return base URL when no state is active","status":"passed","title":"should return base URL when no state is active","duration":1,"failureMessages":[]},{"ancestorTitles":["","useScanHistoryUrlState","getShareableUrl"],"fullName":" useScanHistoryUrlState getShareableUrl should include page in shareable URL when not default","status":"passed","title":"should include page in shareable URL when not default","duration":1,"failureMessages":[]},{"ancestorTitles":["","useScanHistoryUrlState","hasActiveFilters"],"fullName":" useScanHistoryUrlState hasActiveFilters should return false when filters match defaults","status":"passed","title":"should return false when filters match defaults","duration":0,"failureMessages":[]},{"ancestorTitles":["","useScanHistoryUrlState","hasActiveFilters"],"fullName":" useScanHistoryUrlState hasActiveFilters should return true when search is active","status":"passed","title":"should return true when search is active","duration":1,"failureMessages":[]},{"ancestorTitles":["","useScanHistoryUrlState","hasActiveFilters"],"fullName":" useScanHistoryUrlState hasActiveFilters should return true when statuses differ","status":"passed","title":"should return true when statuses differ","duration":1,"failureMessages":[]},{"ancestorTitles":["","useScanHistoryUrlState","hasActiveFilters"],"fullName":" useScanHistoryUrlState hasActiveFilters should return true when date range is set","status":"passed","title":"should return true when date range is set","duration":1,"failureMessages":[]},{"ancestorTitles":["","useScanHistoryUrlState","hasActiveFilters"],"fullName":" useScanHistoryUrlState hasActiveFilters should return true when repositories are filtered","status":"passed","title":"should return true when repositories are filtered","duration":1,"failureMessages":[]},{"ancestorTitles":["","useScanHistoryUrlState","enabled option"],"fullName":" useScanHistoryUrlState enabled option should not update URL when disabled","status":"passed","title":"should not update URL when disabled","duration":0,"failureMessages":[]},{"ancestorTitles":["","useScanHistoryUrlState","enabled option"],"fullName":" useScanHistoryUrlState enabled option should still update local state when disabled","status":"passed","title":"should still update local state when disabled","duration":1,"failureMessages":[]},{"ancestorTitles":["","useScanHistoryUrlState","debouncing"],"fullName":" useScanHistoryUrlState debouncing should debounce URL updates","status":"passed","title":"should debounce URL updates","duration":1,"failureMessages":[]},{"ancestorTitles":["","useScanHistoryUrlState","debouncing"],"fullName":" useScanHistoryUrlState debouncing should use custom debounce time","status":"passed","title":"should use custom debounce time","duration":1,"failureMessages":[]},{"ancestorTitles":["","useScanHistoryUrlState","URL_PARAM_KEYS"],"fullName":" useScanHistoryUrlState URL_PARAM_KEYS should have all expected keys","status":"passed","title":"should have all expected keys","duration":0,"failureMessages":[]}],"startTime":1769939085770,"endTime":1769939085810,"status":"passed","message":"","name":"/Volumes/Externalwork/code-reviewer/ui/src/features/scan-history/__tests__/hooks/useScanHistoryUrlState.test.tsx"},{"assertionResults":[{"ancestorTitles":["","Comparison Flow Integration Tests","Baseline Scan Selection"],"fullName":" Comparison Flow Integration Tests Baseline Scan Selection should select first scan as baseline when clicking compare button","status":"passed","title":"should select first scan as baseline when clicking compare button","duration":117,"failureMessages":[]},{"ancestorTitles":["","Comparison Flow Integration Tests","Baseline Scan Selection"],"fullName":" Comparison Flow Integration Tests Baseline Scan Selection should show baseline scan details in comparison panel","status":"passed","title":"should show baseline scan details in comparison panel","duration":21,"failureMessages":[]},{"ancestorTitles":["","Comparison Flow Integration Tests","Comparison Scan Selection"],"fullName":" Comparison Flow Integration Tests Comparison Scan Selection should select second scan as comparison after baseline is set","status":"passed","title":"should select second scan as comparison after baseline is set","duration":86,"failureMessages":[]},{"ancestorTitles":["","Comparison Flow Integration Tests","Comparison Scan Selection"],"fullName":" Comparison Flow Integration Tests Comparison Scan Selection should trigger diff computation when both scans selected","status":"passed","title":"should trigger diff computation when both scans selected","duration":25,"failureMessages":[]},{"ancestorTitles":["","Comparison Flow Integration Tests","Diff Display"],"fullName":" Comparison Flow Integration Tests Diff Display should display diff metrics when computation completes","status":"passed","title":"should display diff metrics when computation completes","duration":26,"failureMessages":[]},{"ancestorTitles":["","Comparison Flow Integration Tests","Diff Display"],"fullName":" Comparison Flow Integration Tests Diff Display should show loading state while diff is computing","status":"passed","title":"should show loading state while diff is computing","duration":16,"failureMessages":[]},{"ancestorTitles":["","Comparison Flow Integration Tests","Diff Display"],"fullName":" Comparison Flow Integration Tests Diff Display should handle diff computation error gracefully","status":"passed","title":"should handle diff computation error gracefully","duration":29,"failureMessages":[]},{"ancestorTitles":["","Comparison Flow Integration Tests","Swap Scans"],"fullName":" Comparison Flow Integration Tests Swap Scans should swap baseline and comparison scans when swap button clicked","status":"passed","title":"should swap baseline and comparison scans when swap button clicked","duration":76,"failureMessages":[]},{"ancestorTitles":["","Comparison Flow Integration Tests","Swap Scans"],"fullName":" Comparison Flow Integration Tests Swap Scans should refetch diff after swap","status":"passed","title":"should refetch diff after swap","duration":75,"failureMessages":[]},{"ancestorTitles":["","Comparison Flow Integration Tests","Swap Scans"],"fullName":" Comparison Flow Integration Tests Swap Scans should disable swap button when only one scan selected","status":"passed","title":"should disable swap button when only one scan selected","duration":44,"failureMessages":[]},{"ancestorTitles":["","Comparison Flow Integration Tests","Clear Comparison"],"fullName":" Comparison Flow Integration Tests Clear Comparison should clear both scans when clear button clicked","status":"passed","title":"should clear both scans when clear button clicked","duration":59,"failureMessages":[]},{"ancestorTitles":["","Comparison Flow Integration Tests","Clear Comparison"],"fullName":" Comparison Flow Integration Tests Clear Comparison should hide comparison panel after clearing","status":"passed","title":"should hide comparison panel after clearing","duration":79,"failureMessages":[]},{"ancestorTitles":["","Comparison Flow Integration Tests","Clear Comparison"],"fullName":" Comparison Flow Integration Tests Clear Comparison should allow deselecting scan via store action","status":"passed","title":"should allow deselecting scan via store action","duration":31,"failureMessages":[]},{"ancestorTitles":["","Comparison Flow Integration Tests","Navigation to Scan Details"],"fullName":" Comparison Flow Integration Tests Navigation to Scan Details should navigate to baseline scan details when clicking baseline card","status":"passed","title":"should navigate to baseline scan details when clicking baseline card","duration":26,"failureMessages":[]},{"ancestorTitles":["","Comparison Flow Integration Tests","Full Comparison Workflow"],"fullName":" Comparison Flow Integration Tests Full Comparison Workflow should complete full comparison flow: select -> diff -> swap -> clear","status":"passed","title":"should complete full comparison flow: select -> diff -> swap -> clear","duration":236,"failureMessages":[]}],"startTime":1769939091543,"endTime":1769939092493,"status":"passed","message":"","name":"/Volumes/Externalwork/code-reviewer/ui/src/features/scan-history/__tests__/integration/comparisonFlow.test.tsx"},{"assertionResults":[{"ancestorTitles":["","Filter Integration Tests","Filter to List Update Flow"],"fullName":" Filter Integration Tests Filter to List Update Flow should update list when date filter is applied via preset","status":"passed","title":"should update list when date filter is applied via preset","duration":62,"failureMessages":[]},{"ancestorTitles":["","Filter Integration Tests","Filter to List Update Flow"],"fullName":" Filter Integration Tests Filter to List Update Flow should update list when status filter is toggled","status":"passed","title":"should update list when status filter is toggled","duration":60,"failureMessages":[]},{"ancestorTitles":["","Filter Integration Tests","Filter to List Update Flow"],"fullName":" Filter Integration Tests Filter to List Update Flow should update list when search query is entered","status":"failed","title":"should update list when search query is entered","duration":2070,"failureMessages":["expected false to be true // Object.is equality\n\nIgnored nodes: comments, script, style\n\u001b[36m<html>\u001b[39m\n  \u001b[36m<head />\u001b[39m\n  \u001b[36m<body>\u001b[39m\n    \u001b[36m<div>\u001b[39m\n      \u001b[36m<div\u001b[39m\n        \u001b[33mclass\u001b[39m=\u001b[32m\"space-y-6\"\u001b[39m\n      \u001b[36m>\u001b[39m\n        \u001b[36m<div\u001b[39m\n          \u001b[33mclass\u001b[39m=\u001b[32m\"flex flex-col gap-4 sm:flex-row sm:items-center sm:justify-between\"\u001b[39m\n        \u001b[36m>\u001b[39m\n          \u001b[36m<div>\u001b[39m\n            \u001b[36m<div\u001b[39m\n              \u001b[33mclass\u001b[39m=\u001b[32m\"flex items-center gap-3\"\u001b[39m\n            \u001b[36m>\u001b[39m\n              \u001b[36m<h1\u001b[39m\n                \u001b[33mclass\u001b[39m=\u001b[32m\"text-2xl font-bold text-gray-900\"\u001b[39m\n              \u001b[36m>\u001b[39m\n                \u001b[0mScan History\u001b[0m\n              \u001b[36m</h1>\u001b[39m\n              \u001b[36m<span\u001b[39m\n                \u001b[33mdata-size\u001b[39m=\u001b[32m\"sm\"\u001b[39m\n                \u001b[33mdata-variant\u001b[39m=\u001b[32m\"secondary\"\u001b[39m\n              \u001b[36m>\u001b[39m\n                \u001b[0m5\u001b[0m\n                \u001b[0m scans\u001b[0m\n              \u001b[36m</span>\u001b[39m\n            \u001b[36m</div>\u001b[39m\n            \u001b[36m<p\u001b[39m\n              \u001b[33mclass\u001b[39m=\u001b[32m\"mt-1 text-sm text-gray-500\"\u001b[39m\n            \u001b[36m>\u001b[39m\n              \u001b[0mView and compare scan results over time\u001b[0m\n            \u001b[36m</p>\u001b[39m\n          \u001b[36m</div>\u001b[39m\n          \u001b[36m<div\u001b[39m\n            \u001b[33mclass\u001b[39m=\u001b[32m\"flex items-center gap-2\"\u001b[39m\n          \u001b[36m>\u001b[39m\n            \u001b[36m<div\u001b[39m\n              \u001b[33mclass\u001b[39m=\u001b[32m\"flex rounded-lg border bg-white p-1\"\u001b[39m\n            \u001b[36m>\u001b[39m\n              \u001b[36m<button\u001b[39m\n                \u001b[33maria-pressed\u001b[39m=\u001b[32m\"true\"\u001b[39m\n                \u001b[33mclass\u001b[39m=\u001b[32m\"flex items-center gap-1.5 rounded-md px-3 py-1.5 text-sm font-medium transition-colors bg-primary-100 text-primary-700\"\u001b[39m\n                \u001b[33mtype\u001b[39m=\u001b[32m\"button\"\u001b[39m\n              \u001b[36m>\u001b[39m\n                \u001b[36m<svg\u001b[39m\n                  \u001b[33mclass\u001b[39m=\u001b[32m\"h-4 w-4\"\u001b[39m\n                  \u001b[33mfill\u001b[39m=\u001b[32m\"none\"\u001b[39m\n                  \u001b[33mstroke\u001b[39m=\u001b[32m\"currentColor\"\u001b[39m\n                  \u001b[33mstroke-width\u001b[39m=\u001b[32m\"1.5\"\u001b[39m\n                  \u001b[33mviewBox\u001b[39m=\u001b[32m\"0 0 24 24\"\u001b[39m\n                \u001b[36m>\u001b[39m\n                  \u001b[36m<path\u001b[39m\n                    \u001b[33md\u001b[39m=\u001b[32m\"M8.25 6.75h12M8.25 12h12m-12 5.25h12M3.75 6.75h.007v.008H3.75V6.75zm.375 0a.375.375 0 11-.75 0 .375.375 0 01.75 0zM3.75 12h.007v.008H3.75V12zm.375 0a.375.375 0 11-.75 0 .375.375 0 01.75 0zm-.375 5.25h.007v.008H3.75v-.008zm.375 0a.375.375 0 11-.75 0 .375.375 0 01.75 0z\"\u001b[39m\n                    \u001b[33mstroke-linecap\u001b[39m=\u001b[32m\"round\"\u001b[39m\n                    \u001b[33mstroke-linejoin\u001b[39m=\u001b[32m\"round\"\u001b[39m\n                  \u001b[36m/>\u001b[39m\n                \u001b[36m</svg>\u001b[39m\n                \u001b[0mList\u001b[0m\n              \u001b[36m</button>\u001b[39m\n              \u001b[36m<button\u001b[39m\n                \u001b[33maria-pressed\u001b[39m=\u001b[32m\"false\"\u001b[39m\n                \u001b[33mclass\u001b[39m=\u001b[32m\"flex items-center gap-1.5 rounded-md px-3 py-1.5 text-sm font-medium transition-colors text-gray-600 hover:text-gray-900\"\u001b[39m\n                \u001b[33mtype\u001b[39m=\u001b[32m\"button\"\u001b[39m\n              \u001b[36m>\u001b[39m\n                \u001b[36m<svg\u001b[39m\n                  \u001b[33mclass\u001b[39m=\u001b[32m\"h-4 w-4\"\u001b[39m\n                  \u001b[33mfill\u001b[39m=\u001b[32m\"none\"\u001b[39m\n                  \u001b[33mstroke\u001b[39m=\u001b[32m\"currentColor\"\u001b[39m\n                  \u001b[33mstroke-width\u001b[39m=\u001b[32m\"1.5\"\u001b[39m\n                  \u001b[33mviewBox\u001b[39m=\u001b[32m\"0 0 24 24\"\u001b[39m\n                \u001b[36m>\u001b[39m\n                  \u001b[36m<path\u001b[39m\n                    \u001b[33md\u001b[39m=\u001b[32m\"M3 13.125C3 12.504 3.504 12 4.125 12h2.25c.621 0 1.125.504 1.125 1.125v6.75C7.5 20.496 6.996 21 6.375 21h-2.25A1.125 1.125 0 013 19.875v-6.75zM9.75 8.625c0-.621.504-1.125 1.125-1.125h2.25c.621 0 1.125.504 1.125 1.125v11.25c0 .621-.504 1.125-1.125 1.125h-2.25a1.125 1.125 0 01-1.125-1.125V8.625zM16.5 4.125c0-.621.504-1.125 1.125-1.125h2.25C20.496 3 21 3.504 21 4.125v15.75c0 .621-.504 1.125-1.125 1.125h-2.25a1.125 1.125 0 01-1.125-1.125V4.125z\"\u001b[39m\n                    \u001b[33mstroke-linecap\u001b[39m=\u001b[32m\"round\"\u001b[39m\n                    \u001b[33mstroke-linejoin\u001b[39m=\u001b[32m\"round\"\u001b[39m\n                  \u001b[36m/>\u001b[39m\n                \u001b[36m</svg>\u001b[39m\n                \u001b[0mTimeline\u001b[0m\n              \u001b[36m</button>\u001b[39m\n            \u001b[36m</div>\u001b[39m\n            \u001b[36m<button\u001b[39m\n              \u001b[33mvariant\u001b[39m=\u001b[32m\"outline\"\u001b[39m\n            \u001b[36m>\u001b[39m\n              \u001b[36m<svg\u001b[39m\n                \u001b[33mclass\u001b[39m=\u001b[32m\"h-4 w-4\"\u001b[39m\n                \u001b[33mfill\u001b[39m=\u001b[32m\"none\"\u001b[39m\n                \u001b[33mstroke\u001b[39m=\u001b[32m\"currentColor\"\u001b[39m\n                \u001b[33mstroke-width\u001b[39m=\u001b[32m\"1.5\"\u001b[39m\n                \u001b[33mviewBox\u001b[39m=\u001b[32m\"0 0 24 24\"\u001b[39m\n              \u001b[36m>\u001b[39m\n                \u001b[36m<path\u001b[39m\n                  \u001b[33md\u001b[39m=\u001b[32m\"M16.023 9.348h4.992v-.001M2.985 19.644v-4.992m0 0h4.992m-4.993 0l3.181 3.183a8.25 8.25 0 0013.803-3.7M4.031 9.865a8.25 8.25 0 0113.803-3.7l3.181 3.182m0-4.991v4.99\"\u001b[39m\n                  \u001b[33mstroke-linecap\u001b[39m=\u001b[32m\"round\"\u001b[39m\n                  \u001b[33mstroke-linejoin\u001b[39m=\u001b[32m\"round\"\u001b[39m\n                \u001b[36m/>\u001b[39m\n              \u001b[36m</svg>\u001b[39m\n              \u001b[0mRefresh\u001b[0m\n            \u001b[36m</button>\u001b[39m\n            \u001b[36m<button\u001b[39m\n              \u001b[33mvariant\u001b[39m=\u001b[32m\"outline\"\u001b[39m\n            \u001b[36m>\u001b[39m\n              \u001b[36m<svg\u001b[39m\n                \u001b[33mclass\u001b[39m=\u001b[32m\"h-4 w-4\"\u001b[39m\n                \u001b[33mfill\u001b[39m=\u001b[32m\"none\"\u001b[39m\n                \u001b[33mstroke\u001b[39m=\u001b[32m\"currentColor\"\u001b[39m\n                \u001b[33mstroke-width\u001b[39m=\u001b[32m\"1.5\"\u001b[39m\n                \u001b[33mviewBox\u001b[39m=\u001b[32m\"0 0 24 24\"\u001b[39m\n              \u001b[36m>\u001b[39m\n                \u001b[36m<path\u001b[39m\n                  \u001b[33md\u001b[39m=\u001b[32m\"M7.217 10.907a2.25 2.25 0 100 2.186m0-2.186c.18.324.283.696.283 1.093s-.103.77-.283 1.093m0-2.186l9.566-5.314m-9.566 7.5l9.566 5.314m0 0a2.25 2.25 0 103.935 2.186 2.25 2.25 0 00-3.935-2.186zm0-12.814a2.25 2.25 0 103.933-2.185 2.25 2.25 0 00-3.933 2.185z\"\u001b[39m\n                  \u001b[33mstroke-linecap\u001b[39m=\u001b[32m\"round\"\u001b[39m\n                  \u001b[33mstroke-linejoin\u001b[39m=\u001b[32m\"round\"\u001b[39m\n                \u001b[36m/>\u001b[39m\n              \u001b[36m</svg>\u001b[39m\n              \u001b[0mShare\u001b[0m\n            \u001b[36m</button>\u001b[39m\n          \u001b[36m</div>\u001b[39m\n        \u001b[36m</div>\u001b[39m\n        \u001b[36m<div\u001b[39m\n          \u001b[33mclass\u001b[39m=\u001b[32m\"flex gap-6\"\u001b[39m\n        \u001b[36m>\u001b[39m\n          \u001b[36m<aside\u001b[39m\n            \u001b[33mclass\u001b[39m=\u001b[32m\"w-72 flex-shrink-0\"\u001b[39m\n          \u001b[36m>\u001b[39m\n            \u001b[36m<div\u001b[39m\n              \u001b[33mclass\u001b[39m=\u001b[32m\"rounded-lg border bg-white shadow-sm overflow-hidden\"\u001b[39m\n            \u001b[36m>\u001b[39m\n              \u001b[36m<div\u001b[39m\n                \u001b[33mclass\u001b[39m=\u001b[32m\"flex items-center justify-between px-4 py-3 border-b bg-gray-50\"\u001b[39m\n              \u001b[36m>\u001b[39m\n                \u001b[36m<div\u001b[39m\n                  \u001b[33mclass\u001b[39m=\u001b[32m\"flex items-center gap-2\"\u001b[39m\n                \u001b[36m>\u001b[39m\n                  \u001b[36m<svg\u001b[39m\n                    \u001b[33mclass\u001b[39m=\u001b[32m\"h-5 w-5 text-gray-500\"\u001b[39m\n                    \u001b[33mfill\u001b[39m=\u001b[32m\"none\"\u001b[39m\n                    \u001b[33mstroke\u001b[39m=\u001b[32m\"currentColor\"\u001b[39m\n                    \u001b[33..."],"location":{"line":204,"column":32}},{"ancestorTitles":["","Filter Integration Tests","Filter to List Update Flow"],"fullName":" Filter Integration Tests Filter to List Update Flow should reset pagination when filters change","status":"passed","title":"should reset pagination when filters change","duration":92,"failureMessages":[]},{"ancestorTitles":["","Filter Integration Tests","Filter to URL Update Flow"],"fullName":" Filter Integration Tests Filter to URL Update Flow should update URL when status filter is applied","status":"passed","title":"should update URL when status filter is applied","duration":344,"failureMessages":[]},{"ancestorTitles":["","Filter Integration Tests","Filter to URL Update Flow"],"fullName":" Filter Integration Tests Filter to URL Update Flow should update URL when search query is entered","status":"failed","title":"should update URL when search query is entered","duration":2060,"failureMessages":["expected false to be true // Object.is equality\n\nIgnored nodes: comments, script, style\n\u001b[36m<html>\u001b[39m\n  \u001b[36m<head />\u001b[39m\n  \u001b[36m<body>\u001b[39m\n    \u001b[36m<div>\u001b[39m\n      \u001b[36m<div\u001b[39m\n        \u001b[33mclass\u001b[39m=\u001b[32m\"space-y-6\"\u001b[39m\n      \u001b[36m>\u001b[39m\n        \u001b[36m<div\u001b[39m\n          \u001b[33mclass\u001b[39m=\u001b[32m\"flex flex-col gap-4 sm:flex-row sm:items-center sm:justify-between\"\u001b[39m\n        \u001b[36m>\u001b[39m\n          \u001b[36m<div>\u001b[39m\n            \u001b[36m<div\u001b[39m\n              \u001b[33mclass\u001b[39m=\u001b[32m\"flex items-center gap-3\"\u001b[39m\n            \u001b[36m>\u001b[39m\n              \u001b[36m<h1\u001b[39m\n                \u001b[33mclass\u001b[39m=\u001b[32m\"text-2xl font-bold text-gray-900\"\u001b[39m\n              \u001b[36m>\u001b[39m\n                \u001b[0mScan History\u001b[0m\n              \u001b[36m</h1>\u001b[39m\n              \u001b[36m<span\u001b[39m\n                \u001b[33mdata-size\u001b[39m=\u001b[32m\"sm\"\u001b[39m\n                \u001b[33mdata-variant\u001b[39m=\u001b[32m\"secondary\"\u001b[39m\n              \u001b[36m>\u001b[39m\n                \u001b[0m5\u001b[0m\n                \u001b[0m scans\u001b[0m\n              \u001b[36m</span>\u001b[39m\n            \u001b[36m</div>\u001b[39m\n            \u001b[36m<p\u001b[39m\n              \u001b[33mclass\u001b[39m=\u001b[32m\"mt-1 text-sm text-gray-500\"\u001b[39m\n            \u001b[36m>\u001b[39m\n              \u001b[0mView and compare scan results over time\u001b[0m\n            \u001b[36m</p>\u001b[39m\n          \u001b[36m</div>\u001b[39m\n          \u001b[36m<div\u001b[39m\n            \u001b[33mclass\u001b[39m=\u001b[32m\"flex items-center gap-2\"\u001b[39m\n          \u001b[36m>\u001b[39m\n            \u001b[36m<div\u001b[39m\n              \u001b[33mclass\u001b[39m=\u001b[32m\"flex rounded-lg border bg-white p-1\"\u001b[39m\n            \u001b[36m>\u001b[39m\n              \u001b[36m<button\u001b[39m\n                \u001b[33maria-pressed\u001b[39m=\u001b[32m\"true\"\u001b[39m\n                \u001b[33mclass\u001b[39m=\u001b[32m\"flex items-center gap-1.5 rounded-md px-3 py-1.5 text-sm font-medium transition-colors bg-primary-100 text-primary-700\"\u001b[39m\n                \u001b[33mtype\u001b[39m=\u001b[32m\"button\"\u001b[39m\n              \u001b[36m>\u001b[39m\n                \u001b[36m<svg\u001b[39m\n                  \u001b[33mclass\u001b[39m=\u001b[32m\"h-4 w-4\"\u001b[39m\n                  \u001b[33mfill\u001b[39m=\u001b[32m\"none\"\u001b[39m\n                  \u001b[33mstroke\u001b[39m=\u001b[32m\"currentColor\"\u001b[39m\n                  \u001b[33mstroke-width\u001b[39m=\u001b[32m\"1.5\"\u001b[39m\n                  \u001b[33mviewBox\u001b[39m=\u001b[32m\"0 0 24 24\"\u001b[39m\n                \u001b[36m>\u001b[39m\n                  \u001b[36m<path\u001b[39m\n                    \u001b[33md\u001b[39m=\u001b[32m\"M8.25 6.75h12M8.25 12h12m-12 5.25h12M3.75 6.75h.007v.008H3.75V6.75zm.375 0a.375.375 0 11-.75 0 .375.375 0 01.75 0zM3.75 12h.007v.008H3.75V12zm.375 0a.375.375 0 11-.75 0 .375.375 0 01.75 0zm-.375 5.25h.007v.008H3.75v-.008zm.375 0a.375.375 0 11-.75 0 .375.375 0 01.75 0z\"\u001b[39m\n                    \u001b[33mstroke-linecap\u001b[39m=\u001b[32m\"round\"\u001b[39m\n                    \u001b[33mstroke-linejoin\u001b[39m=\u001b[32m\"round\"\u001b[39m\n                  \u001b[36m/>\u001b[39m\n                \u001b[36m</svg>\u001b[39m\n                \u001b[0mList\u001b[0m\n              \u001b[36m</button>\u001b[39m\n              \u001b[36m<button\u001b[39m\n                \u001b[33maria-pressed\u001b[39m=\u001b[32m\"false\"\u001b[39m\n                \u001b[33mclass\u001b[39m=\u001b[32m\"flex items-center gap-1.5 rounded-md px-3 py-1.5 text-sm font-medium transition-colors text-gray-600 hover:text-gray-900\"\u001b[39m\n                \u001b[33mtype\u001b[39m=\u001b[32m\"button\"\u001b[39m\n              \u001b[36m>\u001b[39m\n                \u001b[36m<svg\u001b[39m\n                  \u001b[33mclass\u001b[39m=\u001b[32m\"h-4 w-4\"\u001b[39m\n                  \u001b[33mfill\u001b[39m=\u001b[32m\"none\"\u001b[39m\n                  \u001b[33mstroke\u001b[39m=\u001b[32m\"currentColor\"\u001b[39m\n                  \u001b[33mstroke-width\u001b[39m=\u001b[32m\"1.5\"\u001b[39m\n                  \u001b[33mviewBox\u001b[39m=\u001b[32m\"0 0 24 24\"\u001b[39m\n                \u001b[36m>\u001b[39m\n                  \u001b[36m<path\u001b[39m\n                    \u001b[33md\u001b[39m=\u001b[32m\"M3 13.125C3 12.504 3.504 12 4.125 12h2.25c.621 0 1.125.504 1.125 1.125v6.75C7.5 20.496 6.996 21 6.375 21h-2.25A1.125 1.125 0 013 19.875v-6.75zM9.75 8.625c0-.621.504-1.125 1.125-1.125h2.25c.621 0 1.125.504 1.125 1.125v11.25c0 .621-.504 1.125-1.125 1.125h-2.25a1.125 1.125 0 01-1.125-1.125V8.625zM16.5 4.125c0-.621.504-1.125 1.125-1.125h2.25C20.496 3 21 3.504 21 4.125v15.75c0 .621-.504 1.125-1.125 1.125h-2.25a1.125 1.125 0 01-1.125-1.125V4.125z\"\u001b[39m\n                    \u001b[33mstroke-linecap\u001b[39m=\u001b[32m\"round\"\u001b[39m\n                    \u001b[33mstroke-linejoin\u001b[39m=\u001b[32m\"round\"\u001b[39m\n                  \u001b[36m/>\u001b[39m\n                \u001b[36m</svg>\u001b[39m\n                \u001b[0mTimeline\u001b[0m\n              \u001b[36m</button>\u001b[39m\n            \u001b[36m</div>\u001b[39m\n            \u001b[36m<button\u001b[39m\n              \u001b[33mvariant\u001b[39m=\u001b[32m\"outline\"\u001b[39m\n            \u001b[36m>\u001b[39m\n              \u001b[36m<svg\u001b[39m\n                \u001b[33mclass\u001b[39m=\u001b[32m\"h-4 w-4\"\u001b[39m\n                \u001b[33mfill\u001b[39m=\u001b[32m\"none\"\u001b[39m\n                \u001b[33mstroke\u001b[39m=\u001b[32m\"currentColor\"\u001b[39m\n                \u001b[33mstroke-width\u001b[39m=\u001b[32m\"1.5\"\u001b[39m\n                \u001b[33mviewBox\u001b[39m=\u001b[32m\"0 0 24 24\"\u001b[39m\n              \u001b[36m>\u001b[39m\n                \u001b[36m<path\u001b[39m\n                  \u001b[33md\u001b[39m=\u001b[32m\"M16.023 9.348h4.992v-.001M2.985 19.644v-4.992m0 0h4.992m-4.993 0l3.181 3.183a8.25 8.25 0 0013.803-3.7M4.031 9.865a8.25 8.25 0 0113.803-3.7l3.181 3.182m0-4.991v4.99\"\u001b[39m\n                  \u001b[33mstroke-linecap\u001b[39m=\u001b[32m\"round\"\u001b[39m\n                  \u001b[33mstroke-linejoin\u001b[39m=\u001b[32m\"round\"\u001b[39m\n                \u001b[36m/>\u001b[39m\n              \u001b[36m</svg>\u001b[39m\n              \u001b[0mRefresh\u001b[0m\n            \u001b[36m</button>\u001b[39m\n            \u001b[36m<button\u001b[39m\n              \u001b[33mvariant\u001b[39m=\u001b[32m\"outline\"\u001b[39m\n            \u001b[36m>\u001b[39m\n              \u001b[36m<svg\u001b[39m\n                \u001b[33mclass\u001b[39m=\u001b[32m\"h-4 w-4\"\u001b[39m\n                \u001b[33mfill\u001b[39m=\u001b[32m\"none\"\u001b[39m\n                \u001b[33mstroke\u001b[39m=\u001b[32m\"currentColor\"\u001b[39m\n                \u001b[33mstroke-width\u001b[39m=\u001b[32m\"1.5\"\u001b[39m\n                \u001b[33mviewBox\u001b[39m=\u001b[32m\"0 0 24 24\"\u001b[39m\n              \u001b[36m>\u001b[39m\n                \u001b[36m<path\u001b[39m\n                  \u001b[33md\u001b[39m=\u001b[32m\"M7.217 10.907a2.25 2.25 0 100 2.186m0-2.186c.18.324.283.696.283 1.093s-.103.77-.283 1.093m0-2.186l9.566-5.314m-9.566 7.5l9.566 5.314m0 0a2.25 2.25 0 103.935 2.186 2.25 2.25 0 00-3.935-2.186zm0-12.814a2.25 2.25 0 103.933-2.185 2.25 2.25 0 00-3.933 2.185z\"\u001b[39m\n                  \u001b[33mstroke-linecap\u001b[39m=\u001b[32m\"round\"\u001b[39m\n                  \u001b[33mstroke-linejoin\u001b[39m=\u001b[32m\"round\"\u001b[39m\n                \u001b[36m/>\u001b[39m\n              \u001b[36m</svg>\u001b[39m\n              \u001b[0mShare\u001b[0m\n            \u001b[36m</button>\u001b[39m\n          \u001b[36m</div>\u001b[39m\n        \u001b[36m</div>\u001b[39m\n        \u001b[36m<div\u001b[39m\n          \u001b[33mclass\u001b[39m=\u001b[32m\"flex gap-6\"\u001b[39m\n        \u001b[36m>\u001b[39m\n          \u001b[36m<aside\u001b[39m\n            \u001b[33mclass\u001b[39m=\u001b[32m\"w-72 flex-shrink-0\"\u001b[39m\n          \u001b[36m>\u001b[39m\n            \u001b[36m<div\u001b[39m\n              \u001b[33mclass\u001b[39m=\u001b[32m\"rounded-lg border bg-white shadow-sm overflow-hidden\"\u001b[39m\n            \u001b[36m>\u001b[39m\n              \u001b[36m<div\u001b[39m\n                \u001b[33mclass\u001b[39m=\u001b[32m\"flex items-center justify-between px-4 py-3 border-b bg-gray-50\"\u001b[39m\n              \u001b[36m>\u001b[39m\n                \u001b[36m<div\u001b[39m\n                  \u001b[33mclass\u001b[39m=\u001b[32m\"flex items-center gap-2\"\u001b[39m\n                \u001b[36m>\u001b[39m\n                  \u001b[36m<svg\u001b[39m\n                    \u001b[33mclass\u001b[39m=\u001b[32m\"h-5 w-5 text-gray-500\"\u001b[39m\n                    \u001b[33mfill\u001b[39m=\u001b[32m\"none\"\u001b[39m\n                    \u001b[33mstroke\u001b[39m=\u001b[32m\"currentColor\"\u001b[39m\n                    \u001b[33..."],"location":{"line":293,"column":37}},{"ancestorTitles":["","Filter Integration Tests","Clear Filters Flow"],"fullName":" Filter Integration Tests Clear Filters Flow should reset all filters and update list when Clear All is clicked","status":"passed","title":"should reset all filters and update list when Clear All is clicked","duration":373,"failureMessages":[]},{"ancestorTitles":["","Filter Integration Tests","Clear Filters Flow"],"fullName":" Filter Integration Tests Clear Filters Flow should apply filter when status checkbox clicked","status":"passed","title":"should apply filter when status checkbox clicked","duration":57,"failureMessages":[]},{"ancestorTitles":["","Filter Integration Tests","Multiple Filters Combined"],"fullName":" Filter Integration Tests Multiple Filters Combined should apply multiple filters and verify combined effect on list","status":"failed","title":"should apply multiple filters and verify combined effect on list","duration":2080,"failureMessages":["expected false to be true // Object.is equality\n\nIgnored nodes: comments, script, style\n\u001b[36m<html>\u001b[39m\n  \u001b[36m<head />\u001b[39m\n  \u001b[36m<body>\u001b[39m\n    \u001b[36m<div>\u001b[39m\n      \u001b[36m<div\u001b[39m\n        \u001b[33mclass\u001b[39m=\u001b[32m\"space-y-6\"\u001b[39m\n      \u001b[36m>\u001b[39m\n        \u001b[36m<div\u001b[39m\n          \u001b[33mclass\u001b[39m=\u001b[32m\"flex flex-col gap-4 sm:flex-row sm:items-center sm:justify-between\"\u001b[39m\n        \u001b[36m>\u001b[39m\n          \u001b[36m<div>\u001b[39m\n            \u001b[36m<div\u001b[39m\n              \u001b[33mclass\u001b[39m=\u001b[32m\"flex items-center gap-3\"\u001b[39m\n            \u001b[36m>\u001b[39m\n              \u001b[36m<h1\u001b[39m\n                \u001b[33mclass\u001b[39m=\u001b[32m\"text-2xl font-bold text-gray-900\"\u001b[39m\n              \u001b[36m>\u001b[39m\n                \u001b[0mScan History\u001b[0m\n              \u001b[36m</h1>\u001b[39m\n              \u001b[36m<span\u001b[39m\n                \u001b[33mdata-size\u001b[39m=\u001b[32m\"sm\"\u001b[39m\n                \u001b[33mdata-variant\u001b[39m=\u001b[32m\"secondary\"\u001b[39m\n              \u001b[36m>\u001b[39m\n                \u001b[0m5\u001b[0m\n                \u001b[0m scans\u001b[0m\n              \u001b[36m</span>\u001b[39m\n            \u001b[36m</div>\u001b[39m\n            \u001b[36m<p\u001b[39m\n              \u001b[33mclass\u001b[39m=\u001b[32m\"mt-1 text-sm text-gray-500\"\u001b[39m\n            \u001b[36m>\u001b[39m\n              \u001b[0mView and compare scan results over time\u001b[0m\n            \u001b[36m</p>\u001b[39m\n          \u001b[36m</div>\u001b[39m\n          \u001b[36m<div\u001b[39m\n            \u001b[33mclass\u001b[39m=\u001b[32m\"flex items-center gap-2\"\u001b[39m\n          \u001b[36m>\u001b[39m\n            \u001b[36m<div\u001b[39m\n              \u001b[33mclass\u001b[39m=\u001b[32m\"flex rounded-lg border bg-white p-1\"\u001b[39m\n            \u001b[36m>\u001b[39m\n              \u001b[36m<button\u001b[39m\n                \u001b[33maria-pressed\u001b[39m=\u001b[32m\"true\"\u001b[39m\n                \u001b[33mclass\u001b[39m=\u001b[32m\"flex items-center gap-1.5 rounded-md px-3 py-1.5 text-sm font-medium transition-colors bg-primary-100 text-primary-700\"\u001b[39m\n                \u001b[33mtype\u001b[39m=\u001b[32m\"button\"\u001b[39m\n              \u001b[36m>\u001b[39m\n                \u001b[36m<svg\u001b[39m\n                  \u001b[33mclass\u001b[39m=\u001b[32m\"h-4 w-4\"\u001b[39m\n                  \u001b[33mfill\u001b[39m=\u001b[32m\"none\"\u001b[39m\n                  \u001b[33mstroke\u001b[39m=\u001b[32m\"currentColor\"\u001b[39m\n                  \u001b[33mstroke-width\u001b[39m=\u001b[32m\"1.5\"\u001b[39m\n                  \u001b[33mviewBox\u001b[39m=\u001b[32m\"0 0 24 24\"\u001b[39m\n                \u001b[36m>\u001b[39m\n                  \u001b[36m<path\u001b[39m\n                    \u001b[33md\u001b[39m=\u001b[32m\"M8.25 6.75h12M8.25 12h12m-12 5.25h12M3.75 6.75h.007v.008H3.75V6.75zm.375 0a.375.375 0 11-.75 0 .375.375 0 01.75 0zM3.75 12h.007v.008H3.75V12zm.375 0a.375.375 0 11-.75 0 .375.375 0 01.75 0zm-.375 5.25h.007v.008H3.75v-.008zm.375 0a.375.375 0 11-.75 0 .375.375 0 01.75 0z\"\u001b[39m\n                    \u001b[33mstroke-linecap\u001b[39m=\u001b[32m\"round\"\u001b[39m\n                    \u001b[33mstroke-linejoin\u001b[39m=\u001b[32m\"round\"\u001b[39m\n                  \u001b[36m/>\u001b[39m\n                \u001b[36m</svg>\u001b[39m\n                \u001b[0mList\u001b[0m\n              \u001b[36m</button>\u001b[39m\n              \u001b[36m<button\u001b[39m\n                \u001b[33maria-pressed\u001b[39m=\u001b[32m\"false\"\u001b[39m\n                \u001b[33mclass\u001b[39m=\u001b[32m\"flex items-center gap-1.5 rounded-md px-3 py-1.5 text-sm font-medium transition-colors text-gray-600 hover:text-gray-900\"\u001b[39m\n                \u001b[33mtype\u001b[39m=\u001b[32m\"button\"\u001b[39m\n              \u001b[36m>\u001b[39m\n                \u001b[36m<svg\u001b[39m\n                  \u001b[33mclass\u001b[39m=\u001b[32m\"h-4 w-4\"\u001b[39m\n                  \u001b[33mfill\u001b[39m=\u001b[32m\"none\"\u001b[39m\n                  \u001b[33mstroke\u001b[39m=\u001b[32m\"currentColor\"\u001b[39m\n                  \u001b[33mstroke-width\u001b[39m=\u001b[32m\"1.5\"\u001b[39m\n                  \u001b[33mviewBox\u001b[39m=\u001b[32m\"0 0 24 24\"\u001b[39m\n                \u001b[36m>\u001b[39m\n                  \u001b[36m<path\u001b[39m\n                    \u001b[33md\u001b[39m=\u001b[32m\"M3 13.125C3 12.504 3.504 12 4.125 12h2.25c.621 0 1.125.504 1.125 1.125v6.75C7.5 20.496 6.996 21 6.375 21h-2.25A1.125 1.125 0 013 19.875v-6.75zM9.75 8.625c0-.621.504-1.125 1.125-1.125h2.25c.621 0 1.125.504 1.125 1.125v11.25c0 .621-.504 1.125-1.125 1.125h-2.25a1.125 1.125 0 01-1.125-1.125V8.625zM16.5 4.125c0-.621.504-1.125 1.125-1.125h2.25C20.496 3 21 3.504 21 4.125v15.75c0 .621-.504 1.125-1.125 1.125h-2.25a1.125 1.125 0 01-1.125-1.125V4.125z\"\u001b[39m\n                    \u001b[33mstroke-linecap\u001b[39m=\u001b[32m\"round\"\u001b[39m\n                    \u001b[33mstroke-linejoin\u001b[39m=\u001b[32m\"round\"\u001b[39m\n                  \u001b[36m/>\u001b[39m\n                \u001b[36m</svg>\u001b[39m\n                \u001b[0mTimeline\u001b[0m\n              \u001b[36m</button>\u001b[39m\n            \u001b[36m</div>\u001b[39m\n            \u001b[36m<button\u001b[39m\n              \u001b[33mvariant\u001b[39m=\u001b[32m\"outline\"\u001b[39m\n            \u001b[36m>\u001b[39m\n              \u001b[36m<svg\u001b[39m\n                \u001b[33mclass\u001b[39m=\u001b[32m\"h-4 w-4\"\u001b[39m\n                \u001b[33mfill\u001b[39m=\u001b[32m\"none\"\u001b[39m\n                \u001b[33mstroke\u001b[39m=\u001b[32m\"currentColor\"\u001b[39m\n                \u001b[33mstroke-width\u001b[39m=\u001b[32m\"1.5\"\u001b[39m\n                \u001b[33mviewBox\u001b[39m=\u001b[32m\"0 0 24 24\"\u001b[39m\n              \u001b[36m>\u001b[39m\n                \u001b[36m<path\u001b[39m\n                  \u001b[33md\u001b[39m=\u001b[32m\"M16.023 9.348h4.992v-.001M2.985 19.644v-4.992m0 0h4.992m-4.993 0l3.181 3.183a8.25 8.25 0 0013.803-3.7M4.031 9.865a8.25 8.25 0 0113.803-3.7l3.181 3.182m0-4.991v4.99\"\u001b[39m\n                  \u001b[33mstroke-linecap\u001b[39m=\u001b[32m\"round\"\u001b[39m\n                  \u001b[33mstroke-linejoin\u001b[39m=\u001b[32m\"round\"\u001b[39m\n                \u001b[36m/>\u001b[39m\n              \u001b[36m</svg>\u001b[39m\n              \u001b[0mRefresh\u001b[0m\n            \u001b[36m</button>\u001b[39m\n            \u001b[36m<button\u001b[39m\n              \u001b[33mvariant\u001b[39m=\u001b[32m\"outline\"\u001b[39m\n            \u001b[36m>\u001b[39m\n              \u001b[36m<svg\u001b[39m\n                \u001b[33mclass\u001b[39m=\u001b[32m\"h-4 w-4\"\u001b[39m\n                \u001b[33mfill\u001b[39m=\u001b[32m\"none\"\u001b[39m\n                \u001b[33mstroke\u001b[39m=\u001b[32m\"currentColor\"\u001b[39m\n                \u001b[33mstroke-width\u001b[39m=\u001b[32m\"1.5\"\u001b[39m\n                \u001b[33mviewBox\u001b[39m=\u001b[32m\"0 0 24 24\"\u001b[39m\n              \u001b[36m>\u001b[39m\n                \u001b[36m<path\u001b[39m\n                  \u001b[33md\u001b[39m=\u001b[32m\"M7.217 10.907a2.25 2.25 0 100 2.186m0-2.186c.18.324.283.696.283 1.093s-.103.77-.283 1.093m0-2.186l9.566-5.314m-9.566 7.5l9.566 5.314m0 0a2.25 2.25 0 103.935 2.186 2.25 2.25 0 00-3.935-2.186zm0-12.814a2.25 2.25 0 103.933-2.185 2.25 2.25 0 00-3.933 2.185z\"\u001b[39m\n                  \u001b[33mstroke-linecap\u001b[39m=\u001b[32m\"round\"\u001b[39m\n                  \u001b[33mstroke-linejoin\u001b[39m=\u001b[32m\"round\"\u001b[39m\n                \u001b[36m/>\u001b[39m\n              \u001b[36m</svg>\u001b[39m\n              \u001b[0mShare\u001b[0m\n            \u001b[36m</button>\u001b[39m\n          \u001b[36m</div>\u001b[39m\n        \u001b[36m</div>\u001b[39m\n        \u001b[36m<div\u001b[39m\n          \u001b[33mclass\u001b[39m=\u001b[32m\"flex gap-6\"\u001b[39m\n        \u001b[36m>\u001b[39m\n          \u001b[36m<aside\u001b[39m\n            \u001b[33mclass\u001b[39m=\u001b[32m\"w-72 flex-shrink-0\"\u001b[39m\n          \u001b[36m>\u001b[39m\n            \u001b[36m<div\u001b[39m\n              \u001b[33mclass\u001b[39m=\u001b[32m\"rounded-lg border bg-white shadow-sm overflow-hidden\"\u001b[39m\n            \u001b[36m>\u001b[39m\n              \u001b[36m<div\u001b[39m\n                \u001b[33mclass\u001b[39m=\u001b[32m\"flex items-center justify-between px-4 py-3 border-b bg-gray-50\"\u001b[39m\n              \u001b[36m>\u001b[39m\n                \u001b[36m<div\u001b[39m\n                  \u001b[33mclass\u001b[39m=\u001b[32m\"flex items-center gap-2\"\u001b[39m\n                \u001b[36m>\u001b[39m\n                  \u001b[36m<svg\u001b[39m\n                    \u001b[33mclass\u001b[39m=\u001b[32m\"h-5 w-5 text-gray-500\"\u001b[39m\n                    \u001b[33mfill\u001b[39m=\u001b[32m\"none\"\u001b[39m\n                    \u001b[33mstroke\u001b[39m=\u001b[32m\"currentColor\"\u001b[39m\n                    \u001b[33..."],"location":{"line":413,"column":31}},{"ancestorTitles":["","Filter Integration Tests","Multiple Filters Combined"],"fullName":" Filter Integration Tests Multiple Filters Combined should maintain filter state across list refetches","status":"passed","title":"should maintain filter state across list refetches","duration":89,"failureMessages":[]},{"ancestorTitles":["","Filter Integration Tests","Loading States During Filter Changes"],"fullName":" Filter Integration Tests Loading States During Filter Changes should show loading indicator while refetching with new filters","status":"passed","title":"should show loading indicator while refetching with new filters","duration":42,"failureMessages":[]},{"ancestorTitles":["","Filter Integration Tests","Loading States During Filter Changes"],"fullName":" Filter Integration Tests Loading States During Filter Changes should handle API error gracefully during filter change","status":"passed","title":"should handle API error gracefully during filter change","duration":38,"failureMessages":[]},{"ancestorTitles":["","Filter Integration Tests","Filter Persistence via URL"],"fullName":" Filter Integration Tests Filter Persistence via URL should restore filters from URL on page load","status":"passed","title":"should restore filters from URL on page load","duration":25,"failureMessages":[]}],"startTime":1769939102206,"endTime":1769939109603,"status":"failed","message":"","name":"/Volumes/Externalwork/code-reviewer/ui/src/features/scan-history/__tests__/integration/filterIntegration.test.tsx"},{"assertionResults":[{"ancestorTitles":["","URL State Flow Integration Tests","Restore State from URL"],"fullName":" URL State Flow Integration Tests Restore State from URL should restore view mode from URL on page load","status":"passed","title":"should restore view mode from URL on page load","duration":30,"failureMessages":[]},{"ancestorTitles":["","URL State Flow Integration Tests","Restore State from URL"],"fullName":" URL State Flow Integration Tests Restore State from URL should restore pagination from URL on page load","status":"passed","title":"should restore pagination from URL on page load","duration":22,"failureMessages":[]},{"ancestorTitles":["","URL State Flow Integration Tests","Restore State from URL"],"fullName":" URL State Flow Integration Tests Restore State from URL should restore filters from URL on page load","status":"passed","title":"should restore filters from URL on page load","duration":17,"failureMessages":[]},{"ancestorTitles":["","URL State Flow Integration Tests","Restore State from URL"],"fullName":" URL State Flow Integration Tests Restore State from URL should restore date range from URL on page load","status":"passed","title":"should restore date range from URL on page load","duration":19,"failureMessages":[]},{"ancestorTitles":["","URL State Flow Integration Tests","State Changes Update URL"],"fullName":" URL State Flow Integration Tests State Changes Update URL should update URL when view mode changes","status":"passed","title":"should update URL when view mode changes","duration":362,"failureMessages":[]},{"ancestorTitles":["","URL State Flow Integration Tests","State Changes Update URL"],"fullName":" URL State Flow Integration Tests State Changes Update URL should update URL when filter changes","status":"passed","title":"should update URL when filter changes","duration":335,"failureMessages":[]},{"ancestorTitles":["","URL State Flow Integration Tests","State Changes Update URL"],"fullName":" URL State Flow Integration Tests State Changes Update URL should update URL when search query changes","status":"failed","title":"should update URL when search query changes","duration":1579,"failureMessages":["expected 'm' to be 'my-search-term' // Object.is equality\n\nIgnored nodes: comments, script, style\n\u001b[36m<html>\u001b[39m\n  \u001b[36m<head />\u001b[39m\n  \u001b[36m<body>\u001b[39m\n    \u001b[36m<div>\u001b[39m\n      \u001b[36m<div\u001b[39m\n        \u001b[33mclass\u001b[39m=\u001b[32m\"space-y-6\"\u001b[39m\n      \u001b[36m>\u001b[39m\n        \u001b[36m<div\u001b[39m\n          \u001b[33mclass\u001b[39m=\u001b[32m\"flex flex-col gap-4 sm:flex-row sm:items-center sm:justify-between\"\u001b[39m\n        \u001b[36m>\u001b[39m\n          \u001b[36m<div>\u001b[39m\n            \u001b[36m<div\u001b[39m\n              \u001b[33mclass\u001b[39m=\u001b[32m\"flex items-center gap-3\"\u001b[39m\n            \u001b[36m>\u001b[39m\n              \u001b[36m<h1\u001b[39m\n                \u001b[33mclass\u001b[39m=\u001b[32m\"text-2xl font-bold text-gray-900\"\u001b[39m\n              \u001b[36m>\u001b[39m\n                \u001b[0mScan History\u001b[0m\n              \u001b[36m</h1>\u001b[39m\n              \u001b[36m<span\u001b[39m\n                \u001b[33mdata-size\u001b[39m=\u001b[32m\"sm\"\u001b[39m\n                \u001b[33mdata-variant\u001b[39m=\u001b[32m\"secondary\"\u001b[39m\n              \u001b[36m>\u001b[39m\n                \u001b[0m5\u001b[0m\n                \u001b[0m scans\u001b[0m\n              \u001b[36m</span>\u001b[39m\n            \u001b[36m</div>\u001b[39m\n            \u001b[36m<p\u001b[39m\n              \u001b[33mclass\u001b[39m=\u001b[32m\"mt-1 text-sm text-gray-500\"\u001b[39m\n            \u001b[36m>\u001b[39m\n              \u001b[0mView and compare scan results over time\u001b[0m\n            \u001b[36m</p>\u001b[39m\n          \u001b[36m</div>\u001b[39m\n          \u001b[36m<div\u001b[39m\n            \u001b[33mclass\u001b[39m=\u001b[32m\"flex items-center gap-2\"\u001b[39m\n          \u001b[36m>\u001b[39m\n            \u001b[36m<div\u001b[39m\n              \u001b[33mclass\u001b[39m=\u001b[32m\"flex rounded-lg border bg-white p-1\"\u001b[39m\n            \u001b[36m>\u001b[39m\n              \u001b[36m<button\u001b[39m\n                \u001b[33maria-pressed\u001b[39m=\u001b[32m\"true\"\u001b[39m\n                \u001b[33mclass\u001b[39m=\u001b[32m\"flex items-center gap-1.5 rounded-md px-3 py-1.5 text-sm font-medium transition-colors bg-primary-100 text-primary-700\"\u001b[39m\n                \u001b[33mtype\u001b[39m=\u001b[32m\"button\"\u001b[39m\n              \u001b[36m>\u001b[39m\n                \u001b[36m<svg\u001b[39m\n                  \u001b[33mclass\u001b[39m=\u001b[32m\"h-4 w-4\"\u001b[39m\n                  \u001b[33mfill\u001b[39m=\u001b[32m\"none\"\u001b[39m\n                  \u001b[33mstroke\u001b[39m=\u001b[32m\"currentColor\"\u001b[39m\n                  \u001b[33mstroke-width\u001b[39m=\u001b[32m\"1.5\"\u001b[39m\n                  \u001b[33mviewBox\u001b[39m=\u001b[32m\"0 0 24 24\"\u001b[39m\n                \u001b[36m>\u001b[39m\n                  \u001b[36m<path\u001b[39m\n                    \u001b[33md\u001b[39m=\u001b[32m\"M8.25 6.75h12M8.25 12h12m-12 5.25h12M3.75 6.75h.007v.008H3.75V6.75zm.375 0a.375.375 0 11-.75 0 .375.375 0 01.75 0zM3.75 12h.007v.008H3.75V12zm.375 0a.375.375 0 11-.75 0 .375.375 0 01.75 0zm-.375 5.25h.007v.008H3.75v-.008zm.375 0a.375.375 0 11-.75 0 .375.375 0 01.75 0z\"\u001b[39m\n                    \u001b[33mstroke-linecap\u001b[39m=\u001b[32m\"round\"\u001b[39m\n                    \u001b[33mstroke-linejoin\u001b[39m=\u001b[32m\"round\"\u001b[39m\n                  \u001b[36m/>\u001b[39m\n                \u001b[36m</svg>\u001b[39m\n                \u001b[0mList\u001b[0m\n              \u001b[36m</button>\u001b[39m\n              \u001b[36m<button\u001b[39m\n                \u001b[33maria-pressed\u001b[39m=\u001b[32m\"false\"\u001b[39m\n                \u001b[33mclass\u001b[39m=\u001b[32m\"flex items-center gap-1.5 rounded-md px-3 py-1.5 text-sm font-medium transition-colors text-gray-600 hover:text-gray-900\"\u001b[39m\n                \u001b[33mtype\u001b[39m=\u001b[32m\"button\"\u001b[39m\n              \u001b[36m>\u001b[39m\n                \u001b[36m<svg\u001b[39m\n                  \u001b[33mclass\u001b[39m=\u001b[32m\"h-4 w-4\"\u001b[39m\n                  \u001b[33mfill\u001b[39m=\u001b[32m\"none\"\u001b[39m\n                  \u001b[33mstroke\u001b[39m=\u001b[32m\"currentColor\"\u001b[39m\n                  \u001b[33mstroke-width\u001b[39m=\u001b[32m\"1.5\"\u001b[39m\n                  \u001b[33mviewBox\u001b[39m=\u001b[32m\"0 0 24 24\"\u001b[39m\n                \u001b[36m>\u001b[39m\n                  \u001b[36m<path\u001b[39m\n                    \u001b[33md\u001b[39m=\u001b[32m\"M3 13.125C3 12.504 3.504 12 4.125 12h2.25c.621 0 1.125.504 1.125 1.125v6.75C7.5 20.496 6.996 21 6.375 21h-2.25A1.125 1.125 0 013 19.875v-6.75zM9.75 8.625c0-.621.504-1.125 1.125-1.125h2.25c.621 0 1.125.504 1.125 1.125v11.25c0 .621-.504 1.125-1.125 1.125h-2.25a1.125 1.125 0 01-1.125-1.125V8.625zM16.5 4.125c0-.621.504-1.125 1.125-1.125h2.25C20.496 3 21 3.504 21 4.125v15.75c0 .621-.504 1.125-1.125 1.125h-2.25a1.125 1.125 0 01-1.125-1.125V4.125z\"\u001b[39m\n                    \u001b[33mstroke-linecap\u001b[39m=\u001b[32m\"round\"\u001b[39m\n                    \u001b[33mstroke-linejoin\u001b[39m=\u001b[32m\"round\"\u001b[39m\n                  \u001b[36m/>\u001b[39m\n                \u001b[36m</svg>\u001b[39m\n                \u001b[0mTimeline\u001b[0m\n              \u001b[36m</button>\u001b[39m\n            \u001b[36m</div>\u001b[39m\n            \u001b[36m<button\u001b[39m\n              \u001b[33mvariant\u001b[39m=\u001b[32m\"outline\"\u001b[39m\n            \u001b[36m>\u001b[39m\n              \u001b[36m<svg\u001b[39m\n                \u001b[33mclass\u001b[39m=\u001b[32m\"h-4 w-4\"\u001b[39m\n                \u001b[33mfill\u001b[39m=\u001b[32m\"none\"\u001b[39m\n                \u001b[33mstroke\u001b[39m=\u001b[32m\"currentColor\"\u001b[39m\n                \u001b[33mstroke-width\u001b[39m=\u001b[32m\"1.5\"\u001b[39m\n                \u001b[33mviewBox\u001b[39m=\u001b[32m\"0 0 24 24\"\u001b[39m\n              \u001b[36m>\u001b[39m\n                \u001b[36m<path\u001b[39m\n                  \u001b[33md\u001b[39m=\u001b[32m\"M16.023 9.348h4.992v-.001M2.985 19.644v-4.992m0 0h4.992m-4.993 0l3.181 3.183a8.25 8.25 0 0013.803-3.7M4.031 9.865a8.25 8.25 0 0113.803-3.7l3.181 3.182m0-4.991v4.99\"\u001b[39m\n                  \u001b[33mstroke-linecap\u001b[39m=\u001b[32m\"round\"\u001b[39m\n                  \u001b[33mstroke-linejoin\u001b[39m=\u001b[32m\"round\"\u001b[39m\n                \u001b[36m/>\u001b[39m\n              \u001b[36m</svg>\u001b[39m\n              \u001b[0mRefresh\u001b[0m\n            \u001b[36m</button>\u001b[39m\n            \u001b[36m<button\u001b[39m\n              \u001b[33mvariant\u001b[39m=\u001b[32m\"outline\"\u001b[39m\n            \u001b[36m>\u001b[39m\n              \u001b[36m<svg\u001b[39m\n                \u001b[33mclass\u001b[39m=\u001b[32m\"h-4 w-4\"\
[...]
ration":0,"failureMessages":[]},{"ancestorTitles":["","Date Helpers","getBucketLabel"],"fullName":" Date Helpers getBucketLabel should format year label","status":"passed","title":"should format year label","duration":0,"failureMessages":[]},{"ancestorTitles":["","Date Helpers","getBucketLabel"],"fullName":" Date Helpers getBucketLabel should handle week spanning two months","status":"passed","title":"should handle week spanning two months","duration":1,"failureMessages":[]},{"ancestorTitles":["","Date Helpers","toISODateString"],"fullName":" Date Helpers toISODateString should convert date to ISO date string","status":"passed","title":"should convert date to ISO date string","duration":0,"failureMessages":[]},{"ancestorTitles":["","Date Helpers","toISODateString"],"fullName":" Date Helpers toISODateString should handle different timezones","status":"passed","title":"should handle different timezones","duration":0,"failureMessages":[]},{"ancestorTitles":["","Date Helpers","dateRangeToISO"],"fullName":" Date Helpers dateRangeToISO should convert DateRange to ISO strings","status":"passed","title":"should convert DateRange to ISO strings","duration":1,"failureMessages":[]},{"ancestorTitles":["","Date Helpers","parseISOToDateRange"],"fullName":" Date Helpers parseISOToDateRange should parse valid ISO strings to DateRange","status":"passed","title":"should parse valid ISO strings to DateRange","duration":0,"failureMessages":[]},{"ancestorTitles":["","Date Helpers","parseISOToDateRange"],"fullName":" Date Helpers parseISOToDateRange should return null for null inputs","status":"passed","title":"should return null for null inputs","duration":0,"failureMessages":[]},{"ancestorTitles":["","Date Helpers","parseISOToDateRange"],"fullName":" Date Helpers parseISOToDateRange should return null for undefined inputs","status":"passed","title":"should return null for undefined inputs","duration":0,"failureMessages":[]},{"ancestorTitles":["","Date Helpers","parseISOToDateRange"],"fullName":" Date Helpers parseISOToDateRange should return null for invalid date strings","status":"passed","title":"should return null for invalid date strings","duration":1,"failureMessages":[]}],"startTime":1769939109675,"endTime":1769939109700,"status":"passed","message":"","name":"/Volumes/Externalwork/code-reviewer/ui/src/features/scan-history/__tests__/utils/dateHelpers.test.ts"},{"assertionResults":[{"ancestorTitles":["","Diff Helpers","calculateMetricsDelta"],"fullName":" Diff Helpers calculateMetricsDelta should calculate delta for all metrics","status":"passed","title":"should calculate delta for all metrics","duration":0,"failureMessages":[]},{"ancestorTitles":["","Diff Helpers","calculateMetricsDelta"],"fullName":" Diff Helpers calculateMetricsDelta should handle identical metrics","status":"passed","title":"should handle identical metrics","duration":0,"failureMessages":[]},{"ancestorTitles":["","Diff Helpers","calculateMetricsDelta"],"fullName":" Diff Helpers calculateMetricsDelta should handle large deltas","status":"passed","title":"should handle large deltas","duration":0,"failureMessages":[]},{"ancestorTitles":["","Diff Helpers","calculateMetricsDelta"],"fullName":" Diff Helpers calculateMetricsDelta should handle negative deltas (improvements)","status":"passed","title":"should handle negative deltas (improvements)","duration":0,"failureMessages":[]},{"ancestorTitles":["","Diff Helpers","calculateScanMetricsDiff"],"fullName":" Diff Helpers calculateScanMetricsDiff should calculate diff for issue-related metrics only","status":"passed","title":"should calculate diff for issue-related metrics only","duration":0,"failureMessages":[]},{"ancestorTitles":["","Diff Helpers","formatDelta"],"fullName":" Diff Helpers formatDelta should format positive deltas with + prefix","status":"passed","title":"should format positive deltas with + prefix","duration":0,"failureMessages":[]},{"ancestorTitles":["","Diff Helpers","formatDelta"],"fullName":" Diff Helpers formatDelta should format negative deltas with - prefix","status":"passed","title":"should format negative deltas with - prefix","duration":0,"failureMessages":[]},{"ancestorTitles":["","Diff Helpers","formatDelta"],"fullName":" Diff Helpers formatDelta should format zero as \"0\"","status":"passed","title":"should format zero as \"0\"","duration":0,"failureMessages":[]},{"ancestorTitles":["","Diff Helpers","formatDelta"],"fullName":" Diff Helpers formatDelta should round fractional values","status":"passed","title":"should round fractional values","duration":0,"failureMessages":[]},{"ancestorTitles":["","Diff Helpers","formatDeltaPercent"],"fullName":" Diff Helpers formatDeltaPercent should format positive percentage change","status":"passed","title":"should format positive percentage change","duration":0,"failureMessages":[]},{"ancestorTitles":["","Diff Helpers","formatDeltaPercent"],"fullName":" Diff Helpers formatDeltaPercent should format negative percentage change","status":"passed","title":"should format negative percentage change","duration":0,"failureMessages":[]},{"ancestorTitles":["","Diff Helpers","formatDeltaPercent"],"fullName":" Diff Helpers formatDeltaPercent should format zero change","status":"passed","title":"should format zero change","duration":0,"failureMessages":[]},{"ancestorTitles":["","Diff Helpers","formatDeltaPercent"],"fullName":" Diff Helpers formatDeltaPercent should handle zero before value","status":"passed","title":"should handle zero before value","duration":0,"failureMessages":[]},{"ancestorTitles":["","Diff Helpers","formatDeltaPercent"],"fullName":" Diff Helpers formatDeltaPercent should round percentage values","status":"passed","title":"should round percentage values","duration":0,"failureMessages":[]},{"ancestorTitles":["","Diff Helpers","formatComparison"],"fullName":" Diff Helpers formatComparison should format comparison without percentage","status":"passed","title":"should format comparison without percentage","duration":0,"failureMessages":[]},{"ancestorTitles":["","Diff Helpers","formatComparison"],"fullName":" Diff Helpers formatComparison should format comparison with percentage","status":"passed","title":"should format comparison with percentage","duration":0,"failureMessages":[]},{"ancestorTitles":["","Diff Helpers","formatComparison"],"fullName":" Diff Helpers formatComparison should handle zero delta","status":"passed","title":"should handle zero delta","duration":0,"failureMessages":[]},{"ancestorTitles":["","Diff Helpers","formatComparison"],"fullName":" Diff Helpers formatComparison should handle negative delta","status":"passed","title":"should handle negative delta","duration":0,"failureMessages":[]},{"ancestorTitles":["","Diff Helpers","getDeltaColor"],"fullName":" Diff Helpers getDeltaColor should return neutral color for zero delta","status":"passed","title":"should return neutral color for zero delta","duration":0,"failureMessages":[]},{"ancestorTitles":["","Diff Helpers","getDeltaColor"],"fullName":" Diff Helpers getDeltaColor should return negative color for positive delta with inverted semantics","status":"passed","title":"should return negative color for positive delta with inverted semantics","duration":0,"failureMessages":[]},{"ancestorTitles":["","Diff Helpers","getDeltaColor"],"fullName":" Diff Helpers getDeltaColor should return positive color for negative delta with inverted semantics","status":"passed","title":"should return positive color for negative delta with inverted semantics","duration":0,"failureMessages":[]},{"ancestorTitles":["","Diff Helpers","getDeltaColor"],"fullName":" Diff Helpers getDeltaColor should return positive color for positive delta with normal semantics","status":"passed","title":"should return positive color for positive delta with normal semantics","duration":1,"failureMessages":[]},{"ancestorTitles":["","Diff Helpers","getDeltaColor"],"fullName":" Diff Helpers getDeltaColor should return negative color for negative delta with normal semantics","status":"passed","title":"should return negative color for negative delta with normal semantics","duration":0,"failureMessages":[]},{"ancestorTitles":["","Diff Helpers","getDeltaColor"],"fullName":" Diff Helpers getDeltaColor should default to inverted semantics","status":"passed","title":"should default to inverted semantics","duration":0,"failureMessages":[]},{"ancestorTitles":["","Diff Helpers","getDeltaColorClass"],"fullName":" Diff Helpers getDeltaColorClass should return gray class for zero delta","status":"passed","title":"should return gray class for zero delta","duration":0,"failureMessages":[]},{"ancestorTitles":["","Diff Helpers","getDeltaColorClass"],"fullName":" Diff Helpers getDeltaColorClass should return red class for positive delta with inverted semantics","status":"passed","title":"should return red class for positive delta with inverted semantics","duration":0,"failureMessages":[]},{"ancestorTitles":["","Diff Helpers","getDeltaColorClass"],"fullName":" Diff Helpers getDeltaColorClass should return green class for negative delta with inverted semantics","status":"passed","title":"should return green class for negative delta with inverted semantics","duration":0,"failureMessages":[]},{"ancestorTitles":["","Diff Helpers","getDeltaColorClass"],"fullName":" Diff Helpers getDeltaColorClass should return green class for positive delta with normal semantics","status":"passed","title":"should return green class for positive delta with normal semantics","duration":0,"failureMessages":[]},{"ancestorTitles":["","Diff Helpers","getDeltaColorClass"],"fullName":" Diff Helpers getDeltaColorClass should return red class for negative delta with normal semantics","status":"passed","title":"should return red class for negative delta with normal semantics","duration":0,"failureMessages":[]},{"ancestorTitles":["","Diff Helpers","getTrendIndicator"],"fullName":" Diff Helpers getTrendIndicator should return \"up\" for positive delta","status":"passed","title":"should return \"up\" for positive delta","duration":0,"failureMessages":[]},{"ancestorTitles":["","Diff Helpers","getTrendIndicator"],"fullName":" Diff Helpers getTrendIndicator should return \"down\" for negative delta","status":"passed","title":"should return \"down\" for negative delta","duration":0,"failureMessages":[]},{"ancestorTitles":["","Diff Helpers","getTrendIndicator"],"fullName":" Diff Helpers getTrendIndicator should return \"stable\" for zero delta","status":"passed","title":"should return \"stable\" for zero delta","duration":0,"failureMessages":[]},{"ancestorTitles":["","Diff Helpers","getTrendSemantics"],"fullName":" Diff Helpers getTrendSemantics should return neutral for stable","status":"passed","title":"should return neutral for stable","duration":0,"failureMessages":[]},{"ancestorTitles":["","Diff Helpers","getTrendSemantics"],"fullName":" Diff Helpers getTrendSemantics should return negative for up with inverted semantics","status":"passed","title":"should return negative for up with inverted semantics","duration":0,"failureMessages":[]},{"ancestorTitles":["","Diff Helpers","getTrendSemantics"],"fullName":" Diff Helpers getTrendSemantics should return positive for down with inverted semantics","status":"passed","title":"should return positive for down with inverted semantics","duration":0,"failureMessages":[]},{"ancestorTitles":["","Diff Helpers","getTrendSemantics"],"fullName":" Diff Helpers getTrendSemantics should return positive for up with normal semantics","status":"passed","title":"should return positive for up with normal semantics","duration":0,"failureMessages":[]},{"ancestorTitles":["","Diff Helpers","getTrendSemantics"],"fullName":" Diff Helpers getTrendSemantics should return negative for down with normal semantics","status":"passed","title":"should return negative for down with normal semantics","duration":0,"failureMessages":[]},{"ancestorTitles":["","Diff Helpers","getTrendArrow"],"fullName":" Diff Helpers getTrendArrow should return up arrow for \"up\"","status":"passed","title":"should return up arrow for \"up\"","duration":0,"failureMessages":[]},{"ancestorTitles":["","Diff Helpers","getTrendArrow"],"fullName":" Diff Helpers getTrendArrow should return down arrow for \"down\"","status":"passed","title":"should return down arrow for \"down\"","duration":0,"failureMessages":[]},{"ancestorTitles":["","Diff Helpers","getTrendArrow"],"fullName":" Diff Helpers getTrendArrow should return right arrow for \"stable\"","status":"passed","title":"should return right arrow for \"stable\"","duration":0,"failureMessages":[]},{"ancestorTitles":["","Diff Helpers","getTrendLabel"],"fullName":" Diff Helpers getTrendLabel should generate label for positive delta","status":"passed","title":"should generate label for positive delta","duration":0,"failureMessages":[]},{"ancestorTitles":["","Diff Helpers","getTrendLabel"],"fullName":" Diff Helpers getTrendLabel should generate label for negative delta","status":"passed","title":"should generate label for negative delta","duration":0,"failureMessages":[]},{"ancestorTitles":["","Diff Helpers","getTrendLabel"],"fullName":" Diff Helpers getTrendLabel should generate label for zero delta","status":"passed","title":"should generate label for zero delta","duration":0,"failureMessages":[]},{"ancestorTitles":["","Diff Helpers","getTrendLabel"],"fullName":" Diff Helpers getTrendLabel should round fractional values","status":"passed","title":"should round fractional values","duration":0,"failureMessages":[]},{"ancestorTitles":["","Diff Helpers","getTotalChanges"],"fullName":" Diff Helpers getTotalChanges should sum added, removed, and changed","status":"passed","title":"should sum added, removed, and changed","duration":0,"failureMessages":[]},{"ancestorTitles":["","Diff Helpers","getTotalChanges"],"fullName":" Diff Helpers getTotalChanges should return 0 for empty diff","status":"passed","title":"should return 0 for empty diff","duration":0,"failureMessages":[]},{"ancestorTitles":["","Diff Helpers","hasChanges"],"fullName":" Diff Helpers hasChanges should return true when there are changes","status":"passed","title":"should return true when there are changes","duration":0,"failureMessages":[]},{"ancestorTitles":["","Diff Helpers","hasChanges"],"fullName":" Diff Helpers hasChanges should return false when there are no changes","status":"passed","title":"should return false when there are no changes","duration":0,"failureMessages":[]},{"ancestorTitles":["","Diff Helpers","getDiffSummary"],"fullName":" Diff Helpers getDiffSummary should generate summary with all change types","status":"passed","title":"should generate summary with all change types","duration":0,"failureMessages":[]},{"ancestorTitles":["","Diff Helpers","getDiffSummary"],"fullName":" Diff Helpers getDiffSummary should omit zero counts","status":"passed","title":"should omit zero counts","duration":0,"failureMessages":[]},{"ancestorTitles":["","Diff Helpers","getDiffSummary"],"fullName":" Diff Helpers getDiffSummary should return \"No changes\" for empty diff","status":"passed","title":"should return \"No changes\" for empty diff","duration":0,"failureMessages":[]},{"ancestorTitles":["","Diff Helpers","getDiffSummary"],"fullName":" Diff Helpers getDiffSummary should handle partial changes","status":"passed","title":"should handle partial changes","duration":0,"failureMessages":[]},{"ancestorTitles":["","Diff Helpers","createEmptyDiffMetrics"],"fullName":" Diff Helpers createEmptyDiffMetrics should create metrics with all zeros","status":"passed","title":"should create metrics with all zeros","duration":0,"failureMessages":[]},{"ancestorTitles":["","Diff Helpers","isImprovement"],"fullName":" Diff Helpers isImprovement should return true for negative delta with lowerIsBetter","status":"passed","title":"should return true for negative delta with lowerIsBetter","duration":0,"failureMessages":[]},{"ancestorTitles":["","Diff Helpers","isImprovement"],"fullName":" Diff Helpers isImprovement should return false for positive delta with lowerIsBetter","status":"passed","title":"should return false for positive delta with lowerIsBetter","duration":0,"failureMessages":[]},{"ancestorTitles":["","Diff Helpers","isImprovement"],"fullName":" Diff Helpers isImprovement should return true for positive delta with higherIsBetter","status":"passed","title":"should return true for positive delta with higherIsBetter","duration":0,"failureMessages":[]},{"ancestorTitles":["","Diff Helpers","isImprovement"],"fullName":" Diff Helpers isImprovement should return false for zero delta","status":"passed","title":"should return false for zero delta","duration":0,"failureMessages":[]},{"ancestorTitles":["","Diff Helpers","isImprovement"],"fullName":" Diff Helpers isImprovement should default to lowerIsBetter","status":"passed","title":"should default to lowerIsBetter","duration":0,"failureMessages":[]},{"ancestorTitles":["","Diff Helpers","isRegression"],"fullName":" Diff Helpers isRegression should return true for positive delta with lowerIsBetter","status":"passed","title":"should return true for positive delta with lowerIsBetter","duration":0,"failureMessages":[]},{"ancestorTitles":["","Diff Helpers","isRegression"],"fullName":" Diff Helpers isRegression should return false for negative delta with lowerIsBetter","status":"passed","title":"should return false for negative delta with lowerIsBetter","duration":0,"failureMessages":[]},{"ancestorTitles":["","Diff Helpers","isRegression"],"fullName":" Diff Helpers isRegression should return true for negative delta with higherIsBetter","status":"passed","title":"should return true for negative delta with higherIsBetter","duration":0,"failureMessages":[]},{"ancestorTitles":["","Diff Helpers","isRegression"],"fullName":" Diff Helpers isRegression should return false for zero delta","status":"passed","title":"should return false for zero delta","duration":0,"failureMessages":[]},{"ancestorTitles":["","Diff Helpers","getOverallDiffStatus"],"fullName":" Diff Helpers getOverallDiffStatus should return \"improved\" when critical issues decreased","status":"passed","title":"should return \"improved\" when critical issues decreased","duration":0,"failureMessages":[]},{"ancestorTitles":["","Diff Helpers","getOverallDiffStatus"],"fullName":" Diff Helpers getOverallDiffStatus should return \"regressed\" when critical issues increased","status":"passed","title":"should return \"regressed\" when critical issues increased","duration":0,"failureMessages":[]},{"ancestorTitles":["","Diff Helpers","getOverallDiffStatus"],"fullName":" Diff Helpers getOverallDiffStatus should check issues when critical is stable","status":"passed","title":"should check issues when critical is stable","duration":0,"failureMessages":[]},{"ancestorTitles":["","Diff Helpers","getOverallDiffStatus"],"fullName":" Diff Helpers getOverallDiffStatus should check warnings when critical and issues are stable","status":"passed","title":"should check warnings when critical and issues are stable","duration":0,"failureMessages":[]},{"ancestorTitles":["","Diff Helpers","getOverallDiffStatus"],"fullName":" Diff Helpers getOverallDiffStatus should return \"stable\" when all metrics unchanged","status":"passed","title":"should return \"stable\" when all metrics unchanged","duration":0,"failureMessages":[]},{"ancestorTitles":["","Diff Helpers","DELTA_COLORS"],"fullName":" Diff Helpers DELTA_COLORS should have all required colors","status":"passed","title":"should have all required colors","duration":0,"failureMessages":[]},{"ancestorTitles":["","Diff Helpers","DELTA_COLORS"],"fullName":" Diff Helpers DELTA_COLORS should have valid hex colors","status":"passed","title":"should have valid hex colors","duration":0,"failureMessages":[]}],"startTime":1769939109745,"endTime":1769939109753,"status":"passed","message":"","name":"/Volumes/Externalwork/code-reviewer/ui/src/features/scan-history/__tests__/utils/diffHelpers.test.ts"}]}