{"numTotalTestSuites":64,"numPassedTestSuites":60,"numFailedTestSuites":4,"numPendingTestSuites":0,"numTotalTests":157,"numPassedTests":154,"numFailedTests":3,"numPendingTests":0,"numTodoTests":0,"snapshot":{"added":0,"failure":false,"filesAdded":0,"filesRemoved":0,"filesRemovedList":[],"filesUnmatched":0,"filesUpdated":0,"matched":0,"total":0,"unchecked":0,"uncheckedKeysByFile":[],"unmatched":0,"updated":0,"didUpdate":false},"startTime":1770114771138,"success":false,"testResults":[{"assertionResults":[{"ancestorTitles":["GitHub Actions Parser Integration","Real-world Terraform + Helm Workflow"],"fullName":"GitHub Actions Parser Integration Real-world Terraform + Helm Workflow should parse complete workflow structure","status":"passed","title":"should parse complete workflow structure","duration":8.625791999999933,"failureMessages":[],"meta":{}},{"ancestorTitles":["GitHub Actions Parser Integration","Real-world Terraform + Helm Workflow"],"fullName":"GitHub Actions Parser Integration Real-world Terraform + Helm Workflow should detect workflow triggers","status":"passed","title":"should detect workflow triggers","duration":2.2882079999999405,"failureMessages":[],"meta":{}},{"ancestorTitles":["GitHub Actions Parser Integration","Real-world Terraform + Helm Workflow"],"fullName":"GitHub Actions Parser Integration Real-world Terraform + Helm Workflow should parse workflow_dispatch inputs","status":"passed","title":"should parse workflow_dispatch inputs","duration":1.9639170000000377,"failureMessages":[],"meta":{}},{"ancestorTitles":["GitHub Actions Parser Integration","Real-world Terraform + Helm Workflow"],"fullName":"GitHub Actions Parser Integration Real-world Terraform + Helm Workflow should detect Terraform steps with commands","status":"passed","title":"should detect Terraform steps with commands","duration":2.3897499999999354,"failureMessages":[],"meta":{}},{"ancestorTitles":["GitHub Actions Parser Integration","Real-world Terraform + Helm Workflow"],"fullName":"GitHub Actions Parser Integration Real-world Terraform + Helm Workflow should detect Terraform working directory","status":"passed","title":"should detect Terraform working directory","duration":1.6619999999999209,"failureMessages":[],"meta":{}},{"ancestorTitles":["GitHub Actions Parser Integration","Real-world Terraform + Helm Workflow"],"fullName":"GitHub Actions Parser Integration Real-world Terraform + Helm Workflow should detect Helm steps with chart info","status":"failed","title":"should detect Helm steps with chart info","duration":6.697750000000042,"failureMessages":["AssertionError: expected '--install' to be 'myapp' // Object.is equality\n    at /Volumes/Externalwork/code-reviewer/api/tests/parsers/github-actions/gha-integration.test.ts:434:41\n    at file:///Volumes/Externalwork/code-reviewer/api/node_modules/@vitest/runner/dist/index.js:533:5\n    at runTest (file:///Volumes/Externalwork/code-reviewer/api/node_modules/@vitest/runner/dist/index.js:1056:11)\n    at runSuite (file:///Volumes/Externalwork/code-reviewer/api/node_modules/@vitest/runner/dist/index.js:1205:15)\n    at runSuite (file:///Volumes/Externalwork/code-reviewer/api/node_modules/@vitest/runner/dist/index.js:1205:15)\n    at runSuite (file:///Volumes/Externalwork/code-reviewer/api/node_modules/@vitest/runner/dist/index.js:1205:15)\n    at runFiles (file:///Volumes/Externalwork/code-reviewer/api/node_modules/@vitest/runner/dist/index.js:1262:5)\n    at startTests (file:///Volumes/Externalwork/code-reviewer/api/node_modules/@vitest/runner/dist/index.js:1271:3)\n    at file:///Volumes/Externalwork/code-reviewer/api/node_modules/vitest/dist/chunks/runBaseTests.3qpJUEJM.js:126:11\n    at withEnv (file:///Volumes/Externalwork/code-reviewer/api/node_modules/vitest/dist/chunks/runBaseTests.3qpJUEJM.js:90:5)"],"meta":{}},{"ancestorTitles":["GitHub Actions Parser Integration","Real-world Terraform + Helm Workflow"],"fullName":"GitHub Actions Parser Integration Real-world Terraform + Helm Workflow should detect Helm values files","status":"passed","title":"should detect Helm values files","duration":1.5895830000000615,"failureMessages":[],"meta":{}},{"ancestorTitles":["GitHub Actions Parser Integration","Real-world Terraform + Helm Workflow"],"fullName":"GitHub Actions Parser Integration Real-world Terraform + Helm Workflow should capture job dependencies (needs)","status":"passed","title":"should capture job dependencies (needs)","duration":1.4294999999999618,"failureMessages":[],"meta":{}},{"ancestorTitles":["GitHub Actions Parser Integration","Real-world Terraform + Helm Workflow"],"fullName":"GitHub Actions Parser Integration Real-world Terraform + Helm Workflow should capture job outputs","status":"passed","title":"should capture job outputs","duration":1.64812500000005,"failureMessages":[],"meta":{}},{"ancestorTitles":["GitHub Actions Parser Integration","Real-world Terraform + Helm Workflow"],"fullName":"GitHub Actions Parser Integration Real-world Terraform + Helm Workflow should capture workflow-level environment variables","status":"passed","title":"should capture workflow-level environment variables","duration":1.4408750000000055,"failureMessages":[],"meta":{}},{"ancestorTitles":["GitHub Actions Parser Integration","Real-world Terraform + Helm Workflow"],"fullName":"GitHub Actions Parser Integration Real-world Terraform + Helm Workflow should create graph nodes","status":"passed","title":"should create graph nodes","duration":3.546542000000045,"failureMessages":[],"meta":{}},{"ancestorTitles":["GitHub Actions Parser Integration","Real-world Terraform + Helm Workflow"],"fullName":"GitHub Actions Parser Integration Real-world Terraform + Helm Workflow should create graph edges","status":"passed","title":"should create graph edges","duration":2.496332999999936,"failureMessages":[],"meta":{}},{"ancestorTitles":["GitHub Actions Parser Integration","Real-world Terraform + Helm Workflow"],"fullName":"GitHub Actions Parser Integration Real-world Terraform + Helm Workflow should detect terraform to helm output flows","status":"failed","title":"should detect terraform to helm output flows","duration":4.685292000000004,"failureMessages":["AssertionError: expected 'terraform' to be 'helm-deploy' // Object.is equality\n    at /Volumes/Externalwork/code-reviewer/api/tests/parsers/github-actions/gha-integration.test.ts:586:34\n    at file:///Volumes/Externalwork/code-reviewer/api/node_modules/@vitest/runner/dist/index.js:533:5\n    at runTest (file:///Volumes/Externalwork/code-reviewer/api/node_modules/@vitest/runner/dist/index.js:1056:11)\n    at runSuite (file:///Volumes/Externalwork/code-reviewer/api/node_modules/@vitest/runner/dist/index.js:1205:15)\n    at runSuite (file:///Volumes/Externalwork/code-reviewer/api/node_modules/@vitest/runner/dist/index.js:1205:15)\n    at runSuite (file:///Volumes/Externalwork/code-reviewer/api/node_modules/@vitest/runner/dist/index.js:1205:15)\n    at runFiles (file:///Volumes/Externalwork/code-reviewer/api/node_modules/@vitest/runner/dist/index.js:1262:5)\n    at startTests (file:///Volumes/Externalwork/code-reviewer/api/node_modules/@vitest/runner/dist/index.js:1271:3)\n    at file:///Volumes/Externalwork/code-reviewer/api/node_modules/vitest/dist/chunks/runBaseTests.3qpJUEJM.js:126:11\n    at withEnv (file:///Volumes/Externalwork/code-reviewer/api/node_modules/vitest/dist/chunks/runBaseTests.3qpJUEJM.js:90:5)"],"meta":{}},{"ancestorTitles":["GitHub Actions Parser Integration","Real-world Terraform + Helm Workflow"],"fullName":"GitHub Actions Parser Integration Real-world Terraform + Helm Workflow should summarize output flows by type","status":"passed","title":"should summarize output flows by type","duration":1.6036249999999654,"failureMessages":[],"meta":{}},{"ancestorTitles":["GitHub Actions Parser Integration","Matrix Strategy Workflow"],"fullName":"GitHub Actions Parser Integration Matrix Strategy Workflow should parse matrix strategy","status":"passed","title":"should parse matrix strategy","duration":0.6486670000000458,"failureMessages":[],"meta":{}},{"ancestorTitles":["GitHub Actions Parser Integration","Matrix Strategy Workflow"],"fullName":"GitHub Actions Parser Integration Matrix Strategy Workflow should capture matrix dimensions","status":"passed","title":"should capture matrix dimensions","duration":0.6058749999999691,"failureMessages":[],"meta":{}},{"ancestorTitles":["GitHub Actions Parser Integration","Matrix Strategy Workflow"],"fullName":"GitHub Actions Parser Integration Matrix Strategy Workflow should capture fail-fast setting","status":"passed","title":"should capture fail-fast setting","duration":0.5322499999999764,"failureMessages":[],"meta":{}},{"ancestorTitles":["GitHub Actions Parser Integration","Matrix Strategy Workflow"],"fullName":"GitHub Actions Parser Integration Matrix Strategy Workflow should create job node with matrix metadata","status":"passed","title":"should create job node with matrix metadata","duration":0.6416670000000977,"failureMessages":[],"meta":{}},{"ancestorTitles":["GitHub Actions Parser Integration","Reusable Workflow"],"fullName":"GitHub Actions Parser Integration Reusable Workflow should detect workflow_call trigger","status":"passed","title":"should detect workflow_call trigger","duration":0.8525839999999789,"failureMessages":[],"meta":{}},{"ancestorTitles":["GitHub Actions Parser Integration","Reusable Workflow"],"fullName":"GitHub Actions Parser Integration Reusable Workflow should parse workflow_call inputs","status":"passed","title":"should parse workflow_call inputs","duration":0.6838750000000573,"failureMessages":[],"meta":{}},{"ancestorTitles":["GitHub Actions Parser Integration","Reusable Workflow"],"fullName":"GitHub Actions Parser Integration Reusable Workflow should mark workflow as reusable in node","status":"passed","title":"should mark workflow as reusable in node","duration":0.6914170000000013,"failureMessages":[],"meta":{}},{"ancestorTitles":["GitHub Actions Parser Integration","CI/CD Pipeline Workflow"],"fullName":"GitHub Actions Parser Integration CI/CD Pipeline Workflow should parse multiple job dependencies","status":"passed","title":"should parse multiple job dependencies","duration":2.1886670000000095,"failureMessages":[],"meta":{}},{"ancestorTitles":["GitHub Actions Parser Integration","CI/CD Pipeline Workflow"],"fullName":"GitHub Actions Parser Integration CI/CD Pipeline Workflow should parse concurrency settings","status":"passed","title":"should parse concurrency settings","duration":1.275209000000018,"failureMessages":[],"meta":{}},{"ancestorTitles":["GitHub Actions Parser Integration","CI/CD Pipeline Workflow"],"fullName":"GitHub Actions Parser Integration CI/CD Pipeline Workflow should parse job environment","status":"passed","title":"should parse job environment","duration":2.514083000000028,"failureMessages":[],"meta":{}},{"ancestorTitles":["GitHub Actions Parser Integration","CI/CD Pipeline Workflow"],"fullName":"GitHub Actions Parser Integration CI/CD Pipeline Workflow should parse conditional job execution","status":"passed","title":"should parse conditional job execution","duration":1.2558339999999362,"failureMessages":[],"meta":{}},{"ancestorTitles":["GitHub Actions Parser Integration","CI/CD Pipeline Workflow"],"fullName":"GitHub Actions Parser Integration CI/CD Pipeline Workflow should create multiple needs edges","status":"passed","title":"should create multiple needs edges","duration":1.4331249999999045,"failureMessages":[],"meta":{}},{"ancestorTitles":["GitHub Actions Parser Integration","CI/CD Pipeline Workflow"],"fullName":"GitHub Actions Parser Integration CI/CD Pipeline Workflow should detect output flow in CI/CD pipeline","status":"passed","title":"should detect output flow in CI/CD pipeline","duration":1.2627919999999904,"failureMessages":[],"meta":{}},{"ancestorTitles":["GitHub Actions Parser Integration","CI/CD Pipeline Workflow"],"fullName":"GitHub Actions Parser Integration CI/CD Pipeline Workflow should build flow graph correctly","status":"passed","title":"should build flow graph correctly","duration":1.4025000000000318,"failureMessages":[],"meta":{}},{"ancestorTitles":["GitHub Actions Parser Integration","Docker Workflow"],"fullName":"GitHub Actions Parser Integration Docker Workflow should detect Docker actions","status":"passed","title":"should detect Docker actions","duration":0.609958000000006,"failureMessages":[],"meta":{}},{"ancestorTitles":["GitHub Actions Parser Integration","Docker Workflow"],"fullName":"GitHub Actions Parser Integration Docker Workflow should detect tag trigger","status":"passed","title":"should detect tag trigger","duration":0.5401669999999967,"failureMessages":[],"meta":{}},{"ancestorTitles":["GitHub Actions Parser Integration","Scheduled Workflow"],"fullName":"GitHub Actions Parser Integration Scheduled Workflow should parse schedule trigger with cron expressions","status":"passed","title":"should parse schedule trigger with cron expressions","duration":0.4797910000000911,"failureMessages":[],"meta":{}},{"ancestorTitles":["GitHub Actions Parser Integration","Scheduled Workflow"],"fullName":"GitHub Actions Parser Integration Scheduled Workflow should include schedules in workflow node","status":"passed","title":"should include schedules in workflow node","duration":0.9329579999999851,"failureMessages":[],"meta":{}},{"ancestorTitles":["GitHub Actions Parser Integration","Expression Parsing"],"fullName":"GitHub Actions Parser Integration Expression Parsing should extract expressions from workflow","status":"passed","title":"should extract expressions from workflow","duration":1.0616249999999354,"failureMessages":[],"meta":{}},{"ancestorTitles":["GitHub Actions Parser Integration","Expression Parsing"],"fullName":"GitHub Actions Parser Integration Expression Parsing should identify context references in expressions","status":"passed","title":"should identify context references in expressions","duration":1.0149999999999864,"failureMessages":[],"meta":{}},{"ancestorTitles":["GitHub Actions Parser Integration","Expression Parsing"],"fullName":"GitHub Actions Parser Integration Expression Parsing should identify steps.*.outputs references","status":"passed","title":"should identify steps.*.outputs references","duration":1.033457999999996,"failureMessages":[],"meta":{}},{"ancestorTitles":["GitHub Actions Parser Integration","Error Handling"],"fullName":"GitHub Actions Parser Integration Error Handling should handle invalid YAML gracefully","status":"passed","title":"should handle invalid YAML gracefully","duration":0.45079100000009475,"failureMessages":[],"meta":{}},{"ancestorTitles":["GitHub Actions Parser Integration","Error Handling"],"fullName":"GitHub Actions Parser Integration Error Handling should recover from partial parsing errors","status":"passed","title":"should recover from partial parsing errors","duration":0.24470900000005713,"failureMessages":[],"meta":{}},{"ancestorTitles":["GitHub Actions Parser Integration","Error Handling"],"fullName":"GitHub Actions Parser Integration Error Handling should handle empty workflow file","status":"passed","title":"should handle empty workflow file","duration":0.08516599999995833,"failureMessages":[],"meta":{}},{"ancestorTitles":["GitHub Actions Parser Integration","Performance"],"fullName":"GitHub Actions Parser Integration Performance should parse large workflow within acceptable time","status":"passed","title":"should parse large workflow within acceptable time","duration":1.127458000000047,"failureMessages":[],"meta":{}},{"ancestorTitles":["GitHub Actions Parser Integration","Performance"],"fullName":"GitHub Actions Parser Integration Performance should create nodes and edges efficiently","status":"passed","title":"should create nodes and edges efficiently","duration":1.179124999999999,"failureMessages":[],"meta":{}},{"ancestorTitles":["GitHub Actions Parser Integration","Parse Metadata"],"fullName":"GitHub Actions Parser Integration Parse Metadata should capture parse metadata","status":"passed","title":"should capture parse metadata","duration":1.1203749999999673,"failureMessages":[],"meta":{}},{"ancestorTitles":["GitHub Actions Parser Integration","Flow Detection Utilities"],"fullName":"GitHub Actions Parser Integration Flow Detection Utilities should detect inbound flows for a job","status":"failed","title":"should detect inbound flows for a job","duration":2.064041999999972,"failureMessages":["AssertionError: expected true to be false // Object.is equality\n    at /Volumes/Externalwork/code-reviewer/api/tests/parsers/github-actions/gha-integration.test.ts:1169:25\n    at file:///Volumes/Externalwork/code-reviewer/api/node_modules/@vitest/runner/dist/index.js:533:5\n    at runTest (file:///Volumes/Externalwork/code-reviewer/api/node_modules/@vitest/runner/dist/index.js:1056:11)\n    at runSuite (file:///Volumes/Externalwork/code-reviewer/api/node_modules/@vitest/runner/dist/index.js:1205:15)\n    at runSuite (file:///Volumes/Externalwork/code-reviewer/api/node_modules/@vitest/runner/dist/index.js:1205:15)\n    at runSuite (file:///Volumes/Externalwork/code-reviewer/api/node_modules/@vitest/runner/dist/index.js:1205:15)\n    at runFiles (file:///Volumes/Externalwork/code-reviewer/api/node_modules/@vitest/runner/dist/index.js:1262:5)\n    at startTests (file:///Volumes/Externalwork/code-reviewer/api/node_modules/@vitest/runner/dist/index.js:1271:3)\n    at file:///Volumes/Externalwork/code-reviewer/api/node_modules/vitest/dist/chunks/runBaseTests.3qpJUEJM.js:126:11\n    at withEnv (file:///Volumes/Externalwork/code-reviewer/api/node_modules/vitest/dist/chunks/runBaseTests.3qpJUEJM.js:90:5)"],"meta":{}},{"ancestorTitles":["GitHub Actions Parser Integration","Flow Detection Utilities"],"fullName":"GitHub Actions Parser Integration Flow Detection Utilities should detect outbound flows for a job","status":"passed","title":"should detect outbound flows for a job","duration":1.9740419999999403,"failureMessages":[],"meta":{}},{"ancestorTitles":["GitHub Actions Parser Integration","Convenience Functions"],"fullName":"GitHub Actions Parser Integration Convenience Functions should work with parseGitHubActionsWorkflow function","status":"passed","title":"should work with parseGitHubActionsWorkflow function","duration":1.0995410000000447,"failureMessages":[],"meta":{}},{"ancestorTitles":["GitHub Actions Parser Integration","Convenience Functions"],"fullName":"GitHub Actions Parser Integration Convenience Functions should work with factory classes directly","status":"passed","title":"should work with factory classes directly","duration":2.002083999999968,"failureMessages":[],"meta":{}},{"ancestorTitles":["GitHub Actions Parser Integration","Convenience Functions"],"fullName":"GitHub Actions Parser Integration Convenience Functions should work with OutputFlowDetector class directly","status":"passed","title":"should work with OutputFlowDetector class directly","duration":1.2150420000000395,"failureMessages":[],"meta":{}}],"startTime":1770114771522,"endTime":1770114771599.215,"status":"failed","message":"","name":"/Volumes/Externalwork/code-reviewer/api/tests/parsers/github-actions/gha-integration.test.ts"},{"assertionResults":[{"ancestorTitles":["GitHubActionsParser","canParse"],"fullName":"GitHubActionsParser canParse should accept workflow files in .github/workflows","status":"passed","title":"should accept workflow files in .github/workflows","duration":0.7469170000000531,"failureMessages":[],"meta":{}},{"ancestorTitles":["GitHubActionsParser","canParse"],"fullName":"GitHubActionsParser canParse should accept workflows in subdirectories","status":"passed","title":"should accept workflows in subdirectories","duration":0.11362500000007003,"failureMessages":[],"meta":{}},{"ancestorTitles":["GitHubActionsParser","canParse"],"fullName":"GitHubActionsParser canParse should reject non-workflow files","status":"passed","title":"should reject non-workflow files","duration":0.11166700000001129,"failureMessages":[],"meta":{}},{"ancestorTitles":["GitHubActionsParser","canParse"],"fullName":"GitHubActionsParser canParse should reject non-YAML files","status":"passed","title":"should reject non-YAML files","duration":0.08929200000000037,"failureMessages":[],"meta":{}},{"ancestorTitles":["GitHubActionsParser","canParse"],"fullName":"GitHubActionsParser canParse should accept with content validation when provided","status":"passed","title":"should accept with content validation when provided","duration":0.1486249999999245,"failureMessages":[],"meta":{}},{"ancestorTitles":["GitHubActionsParser","parse - simple workflow"],"fullName":"GitHubActionsParser parse - simple workflow should parse simple workflow successfully","status":"passed","title":"should parse simple workflow successfully","duration":4.870457999999985,"failureMessages":[],"meta":{}},{"ancestorTitles":["GitHubActionsParser","parse - simple workflow"],"fullName":"GitHubActionsParser parse - simple workflow should extract job details","status":"passed","title":"should extract job details","duration":1.1102919999999585,"failureMessages":[],"meta":{}},{"ancestorTitles":["GitHubActionsParser","parse - simple workflow"],"fullName":"GitHubActionsParser parse - simple workflow should extract step types correctly","status":"passed","title":"should extract step types correctly","duration":0.4176670000000513,"failureMessages":[],"meta":{}},{"ancestorTitles":["GitHubActionsParser","parse - Terraform workflow"],"fullName":"GitHubActionsParser parse - Terraform workflow should detect Terraform steps","status":"passed","title":"should detect Terraform steps","duration":0.7820420000000468,"failureMessages":[],"meta":{}},{"ancestorTitles":["GitHubActionsParser","parse - Terraform workflow"],"fullName":"GitHubActionsParser parse - Terraform workflow should identify Terraform commands","status":"passed","title":"should identify Terraform commands","duration":0.8009580000000369,"failureMessages":[],"meta":{}},{"ancestorTitles":["GitHubActionsParser","parse - Helm workflow"],"fullName":"GitHubActionsParser parse - Helm workflow should detect Helm steps","status":"passed","title":"should detect Helm steps","duration":0.6664580000000342,"failureMessages":[],"meta":{}},{"ancestorTitles":["GitHubActionsParser","parse - Helm workflow"],"fullName":"GitHubActionsParser parse - Helm workflow should extract Helm command details","status":"passed","title":"should extract Helm command details","duration":0.6297920000000659,"failureMessages":[],"meta":{}},{"ancestorTitles":["GitHubActionsParser","parse - job dependencies"],"fullName":"GitHubActionsParser parse - job dependencies should parse job dependencies (needs)","status":"passed","title":"should parse job dependencies (needs)","duration":2.512875000000008,"failureMessages":[],"meta":{}},{"ancestorTitles":["GitHubActionsParser","parse - job outputs"],"fullName":"GitHubActionsParser parse - job outputs should parse job outputs","status":"passed","title":"should parse job outputs","duration":1.69237499999997,"failureMessages":[],"meta":{}},{"ancestorTitles":["GitHubActionsParser","parse - triggers"],"fullName":"GitHubActionsParser parse - triggers should parse push trigger","status":"passed","title":"should parse push trigger","duration":0.38170900000000074,"failureMessages":[],"meta":{}},{"ancestorTitles":["GitHubActionsParser","parse - triggers"],"fullName":"GitHubActionsParser parse - triggers should parse multiple triggers","status":"passed","title":"should parse multiple triggers","duration":2.027125000000069,"failureMessages":[],"meta":{}},{"ancestorTitles":["GitHubActionsParser","parse - triggers"],"fullName":"GitHubActionsParser parse - triggers should parse schedule trigger","status":"passed","title":"should parse schedule trigger","duration":0.4931249999999636,"failureMessages":[],"meta":{}},{"ancestorTitles":["GitHubActionsParser","parse - triggers"],"fullName":"GitHubActionsParser parse - triggers should parse workflow_call trigger","status":"passed","title":"should parse workflow_call trigger","duration":0.8040419999999813,"failureMessages":[],"meta":{}},{"ancestorTitles":["GitHubActionsParser","parse - expressions"],"fullName":"GitHubActionsParser parse - expressions should extract expressions from workflow","status":"passed","title":"should extract expressions from workflow","duration":1.1437080000000606,"failureMessages":[],"meta":{}},{"ancestorTitles":["GitHubActionsParser","parse - matrix strategy"],"fullName":"GitHubActionsParser parse - matrix strategy should parse matrix strategy","status":"passed","title":"should parse matrix strategy","duration":0.6990000000000691,"failureMessages":[],"meta":{}},{"ancestorTitles":["GitHubActionsParser","parse - container"],"fullName":"GitHubActionsParser parse - container should parse container configuration","status":"passed","title":"should parse container configuration","duration":0.5435830000000124,"failureMessages":[],"meta":{}},{"ancestorTitles":["GitHubActionsParser","parse - metadata"],"fullName":"GitHubActionsParser parse - metadata should include parse metadata","status":"passed","title":"should include parse metadata","duration":0.5118329999999105,"failureMessages":[],"meta":{}},{"ancestorTitles":["GitHubActionsParser","parse - error handling"],"fullName":"GitHubActionsParser parse - error handling should handle invalid YAML gracefully","status":"passed","title":"should handle invalid YAML gracefully","duration":0.45754199999998946,"failureMessages":[],"meta":{}},{"ancestorTitles":["GitHubActionsParser","parse - error handling"],"fullName":"GitHubActionsParser parse - error handling should handle workflow without jobs","status":"passed","title":"should handle workflow without jobs","duration":0.2688340000000835,"failureMessages":[],"meta":{}},{"ancestorTitles":["GitHubActionsParser","factory function"],"fullName":"GitHubActionsParser factory function createGitHubActionsParser should create parser instance","status":"passed","title":"createGitHubActionsParser should create parser instance","duration":0.11495800000000145,"failureMessages":[],"meta":{}},{"ancestorTitles":["GitHubActionsParser","factory function"],"fullName":"GitHubActionsParser factory function parseGitHubActionsWorkflow should parse directly","status":"passed","title":"parseGitHubActionsWorkflow should parse directly","duration":0.3423339999999371,"failureMessages":[],"meta":{}},{"ancestorTitles":["GhaNodeFactory","createWorkflowNode"],"fullName":"GhaNodeFactory createWorkflowNode should create workflow node from parsed workflow","status":"passed","title":"should create workflow node from parsed workflow","duration":0.7904999999999518,"failureMessages":[],"meta":{}},{"ancestorTitles":["GhaNodeFactory","createWorkflowNode"],"fullName":"GhaNodeFactory createWorkflowNode should detect secrets usage","status":"passed","title":"should detect secrets usage","duration":0.6573750000000018,"failureMessages":[],"meta":{}},{"ancestorTitles":["GhaNodeFactory","createWorkflowNode"],"fullName":"GhaNodeFactory createWorkflowNode should detect manual trigger","status":"passed","title":"should detect manual trigger","duration":1.2994999999999663,"failureMessages":[],"meta":{}},{"ancestorTitles":["GhaNodeFactory","createWorkflowNode"],"fullName":"GhaNodeFactory createWorkflowNode should detect reusable workflow","status":"passed","title":"should detect reusable workflow","duration":0.7100410000000466,"failureMessages":[],"meta":{}},{"ancestorTitles":["GhaNodeFactory","createWorkflowNode"],"fullName":"GhaNodeFactory createWorkflowNode should extract schedules","status":"passed","title":"should extract schedules","duration":0.37400000000002365,"failureMessages":[],"meta":{}},{"ancestorTitles":["GhaNodeFactory","createJobNode"],"fullName":"GhaNodeFactory createJobNode should create job node with metadata","status":"passed","title":"should create job node with metadata","duration":0.5894169999999122,"failureMessages":[],"meta":{}},{"ancestorTitles":["GhaNodeFactory","createJobNode"],"fullName":"GhaNodeFactory createJobNode should detect Terraform in job","status":"passed","title":"should detect Terraform in job","duration":0.48716699999999946,"failureMessages":[],"meta":{}},{"ancestorTitles":["GhaNodeFactory","createJobNode"],"fullName":"GhaNodeFactory createJobNode should detect Helm in job","status":"passed","title":"should detect Helm in job","duration":0.8336249999999836,"failureMessages":[],"meta":{}},{"ancestorTitles":["GhaNodeFactory","createJobNode"],"fullName":"GhaNodeFactory createJobNode should detect matrix strategy","status":"passed","title":"should detect matrix strategy","duration":1.8667920000000322,"failureMessages":[],"meta":{}},{"ancestorTitles":["GhaNodeFactory","createJobNode"],"fullName":"GhaNodeFactory createJobNode should detect container usage","status":"passed","title":"should detect container usage","duration":0.37779199999999946,"failureMessages":[],"meta":{}},{"ancestorTitles":["GhaNodeFactory","createNodesForWorkflow"],"fullName":"GhaNodeFactory createNodesForWorkflow should create all nodes for workflow","status":"passed","title":"should create all nodes for workflow","duration":1.1883750000000646,"failureMessages":[],"meta":{}},{"ancestorTitles":["GhaNodeFactory","createNodesForWorkflow"],"fullName":"GhaNodeFactory createNodesForWorkflow should include step nodes when requested","status":"passed","title":"should include step nodes when requested","duration":0.39579200000002857,"failureMessages":[],"meta":{}},{"ancestorTitles":["GhaNodeFactory","factory functions"],"fullName":"GhaNodeFactory factory functions createNodeFactory should create instance","status":"passed","title":"createNodeFactory should create instance","duration":0.07270800000003419,"failureMessages":[],"meta":{}},{"ancestorTitles":["GhaNodeFactory","factory functions"],"fullName":"GhaNodeFactory factory functions createGhaNodes convenience function","status":"passed","title":"createGhaNodes convenience function","duration":0.36441599999989194,"failureMessages":[],"meta":{}},{"ancestorTitles":["GhaEdgeFactory","createEdgesForWorkflow"],"fullName":"GhaEdgeFactory createEdgesForWorkflow should create needs edges for job dependencies","status":"passed","title":"should create needs edges for job dependencies","duration":2.0607499999999845,"failureMessages":[],"meta":{}},{"ancestorTitles":["GhaEdgeFactory","createEdgesForWorkflow"],"fullName":"GhaEdgeFactory createEdgesForWorkflow should create Terraform edges","status":"passed","title":"should create Terraform edges","duration":0.6617499999999836,"failureMessages":[],"meta":{}},{"ancestorTitles":["GhaEdgeFactory","createEdgesForWorkflow"],"fullName":"GhaEdgeFactory createEdgesForWorkflow should create Helm edges","status":"passed","title":"should create Helm edges","duration":0.5552910000000111,"failureMessages":[],"meta":{}},{"ancestorTitles":["GhaEdgeFactory","createEdgesForWorkflow"],"fullName":"GhaEdgeFactory createEdgesForWorkflow should create action usage edges","status":"passed","title":"should create action usage edges","duration":0.3476670000000013,"failureMessages":[],"meta":{}},{"ancestorTitles":["GhaEdgeFactory","edge type guards"],"fullName":"GhaEdgeFactory edge type guards isGhaNeedsEdge should identify needs edges","status":"passed","title":"isGhaNeedsEdge should identify needs edges","duration":1.2478330000000142,"failureMessages":[],"meta":{}},{"ancestorTitles":["GhaEdgeFactory","edge type guards"],"fullName":"GhaEdgeFactory edge type guards isGhaUsesTfEdge should identify Terraform edges","status":"passed","title":"isGhaUsesTfEdge should identify Terraform edges","duration":0.5205000000000837,"failureMessages":[],"meta":{}},{"ancestorTitles":["GhaEdgeFactory","edge type guards"],"fullName":"GhaEdgeFactory edge type guards isGhaSpecificEdge should identify all GHA edges","status":"passed","title":"isGhaSpecificEdge should identify all GHA edges","duration":0.32837499999993724,"failureMessages":[],"meta":{}},{"ancestorTitles":["GhaEdgeFactory","factory functions"],"fullName":"GhaEdgeFactory factory functions createGhaEdges convenience function","status":"passed","title":"createGhaEdges convenience function","duration":0.4167080000000851,"failureMessages":[],"meta":{}},{"ancestorTitles":["GhaEdgeFactory","factory functions"],"fullName":"GhaEdgeFactory factory functions createEdgeFactory should create instance","status":"passed","title":"createEdgeFactory should create instance","duration":0.07629199999996672,"failureMessages":[],"meta":{}},{"ancestorTitles":["OutputFlowDetector","detectFlows"],"fullName":"OutputFlowDetector detectFlows should detect job output flows","status":"passed","title":"should detect job output flows","duration":2.5024170000000368,"failureMessages":[],"meta":{}},{"ancestorTitles":["OutputFlowDetector","detectFlows"],"fullName":"OutputFlowDetector detectFlows should detect step output flows","status":"passed","title":"should detect step output flows","duration":1.0312920000000076,"failureMessages":[],"meta":{}},{"ancestorTitles":["OutputFlowDetector","detectFlows"],"fullName":"OutputFlowDetector detectFlows should detect terraform to helm flows","status":"passed","title":"should detect terraform to helm flows","duration":2.240957999999978,"failureMessages":[],"meta":{}},{"ancestorTitles":["OutputFlowDetector","getInboundFlows"],"fullName":"OutputFlowDetector getInboundFlows should return flows into a job","status":"passed","title":"should return flows into a job","duration":1.1154169999999795,"failureMessages":[],"meta":{}},{"ancestorTitles":["OutputFlowDetector","getOutboundFlows"],"fullName":"OutputFlowDetector getOutboundFlows should return flows from a job","status":"passed","title":"should return flows from a job","duration":3.0158330000000433,"failureMessages":[],"meta":{}},{"ancestorTitles":["OutputFlowDetector","summarizeFlows"],"fullName":"OutputFlowDetector summarizeFlows should count flows by type","status":"passed","title":"should count flows by type","duration":1.5504999999999427,"failureMessages":[],"meta":{}},{"ancestorTitles":["OutputFlowDetector","hasInboundFlows"],"fullName":"OutputFlowDetector hasInboundFlows should return true for jobs with inbound flows","status":"passed","title":"should return true for jobs with inbound flows","duration":2.7262499999999363,"failureMessages":[],"meta":{}},{"ancestorTitles":["OutputFlowDetector","hasInboundFlows"],"fullName":"OutputFlowDetector hasInboundFlows should return false for jobs without inbound flows","status":"passed","title":"should return false for jobs without inbound flows","duration":0.37287500000002183,"failureMessages":[],"meta":{}},{"ancestorTitles":["OutputFlowDetector","buildFlowGraph"],"fullName":"OutputFlowDetector buildFlowGraph should build adjacency map of flows","status":"passed","title":"should build adjacency map of flows","duration":1.0824999999999818,"failureMessages":[],"meta":{}},{"ancestorTitles":["OutputFlowDetector","factory function"],"fullName":"OutputFlowDetector factory function createOutputFlowDetector should create instance","status":"passed","title":"createOutputFlowDetector should create instance","duration":0.7187089999999898,"failureMessages":[],"meta":{}},{"ancestorTitles":["GhaExpressionParser","extractExpressions"],"fullName":"GhaExpressionParser extractExpressions should extract simple context expressions","status":"passed","title":"should extract simple context expressions","duration":0.19137499999999363,"failureMessages":[],"meta":{}},{"ancestorTitles":["GhaExpressionParser","extractExpressions"],"fullName":"GhaExpressionParser extractExpressions should extract multiple expressions","status":"passed","title":"should extract multiple expressions","duration":0.09649999999999181,"failureMessages":[],"meta":{}},{"ancestorTitles":["GhaExpressionParser","extractExpressions"],"fullName":"GhaExpressionParser extractExpressions should extract function expressions","status":"passed","title":"should extract function expressions","duration":0.18537500000002183,"failureMessages":[],"meta":{}},{"ancestorTitles":["GhaExpressionParser","extractExpressions"],"fullName":"GhaExpressionParser extractExpressions should extract comparison expressions","status":"passed","title":"should extract comparison expressions","duration":0.12470900000005258,"failureMessages":[],"meta":{}},{"ancestorTitles":["GhaExpressionParser","extractExpressions"],"fullName":"GhaExpressionParser extractExpressions should extract logical expressions","status":"passed","title":"should extract logical expressions","duration":0.109958000000006,"failureMessages":[],"meta":{}},{"ancestorTitles":["GhaExpressionParser","extractExpressions"],"fullName":"GhaExpressionParser extractExpressions should extract literal expressions","status":"passed","title":"should extract literal expressions","duration":0.08729100000005019,"failureMessages":[],"meta":{}},{"ancestorTitles":["GhaExpressionParser","extractExpressions"],"fullName":"GhaExpressionParser extractExpressions should handle multiline expressions","status":"passed","title":"should handle multiline expressions","duration":0.11266699999998764,"failureMessages":[],"meta":{}},{"ancestorTitles":["GhaExpressionParser","extractContextReferences"],"fullName":"GhaExpressionParser extractContextReferences should extract context references","status":"passed","title":"should extract context references","duration":0.39037500000006276,"failureMessages":[],"meta":{}},{"ancestorTitles":["GhaExpressionParser","extractContextReferences"],"fullName":"GhaExpressionParser extractContextReferences should extract multiple references","status":"passed","title":"should extract multiple references","duration":0.08266600000001745,"failureMessages":[],"meta":{}},{"ancestorTitles":["GhaExpressionParser","extractContextReferences"],"fullName":"GhaExpressionParser extractContextReferences should handle nested paths","status":"passed","title":"should handle nested paths","duration":0.0850830000000542,"failureMessages":[],"meta":{}},{"ancestorTitles":["GhaExpressionParser","extractFunctionCalls"],"fullName":"GhaExpressionParser extractFunctionCalls should extract function calls","status":"passed","title":"should extract function calls","duration":0.10604200000000219,"failureMessages":[],"meta":{}},{"ancestorTitles":["GhaExpressionParser","extractFunctionCalls"],"fullName":"GhaExpressionParser extractFunctionCalls should extract nested function calls","status":"passed","title":"should extract nested function calls","duration":0.08204200000000128,"failureMessages":[],"meta":{}},{"ancestorTitles":["GhaExpressionParser","categorizeExpression"],"fullName":"GhaExpressionParser categorizeExpression should categorize context access","status":"passed","title":"should categorize context access","duration":0.08583299999997962,"failureMessages":[],"meta":{}},{"ancestorTitles":["GhaExpressionParser","categorizeExpression"],"fullName":"GhaExpressionParser categorizeExpression should categorize function calls","status":"passed","title":"should categorize function calls","duration":0.06150000000002365,"failureMessages":[],"meta":{}},{"ancestorTitles":["GhaExpressionParser","categorizeExpression"],"fullName":"GhaExpressionParser categorizeExpression should categorize literals","status":"passed","title":"should categorize literals","duration":0.08220800000003692,"failureMessages":[],"meta":{}},{"ancestorTitles":["GhaExpressionParser","categorizeExpression"],"fullName":"GhaExpressionParser categorizeExpression should categorize comparisons","status":"passed","title":"should categorize comparisons","duration":0.06045799999992596,"failureMessages":[],"meta":{}},{"ancestorTitles":["GhaExpressionParser","categorizeExpression"],"fullName":"GhaExpressionParser categorizeExpression should categorize logical expressions","status":"passed","title":"should categorize logical expressions","duration":0.06979200000000674,"failureMessages":[],"meta":{}},{"ancestorTitles":["GhaExpressionParser","utility functions"],"fullName":"GhaExpressionParser utility functions hasExpressions should detect expressions","status":"passed","title":"hasExpressions should detect expressions","duration":0.06604200000003857,"failureMessages":[],"meta":{}},{"ancestorTitles":["GhaExpressionParser","utility functions"],"fullName":"GhaExpressionParser utility functions countExpressions should count correctly","status":"passed","title":"countExpressions should count correctly","duration":0.07466699999997672,"failureMessages":[],"meta":{}},{"ancestorTitles":["GhaExpressionParser","utility functions"],"fullName":"GhaExpressionParser utility functions extractExpressionsFromContent convenience function","status":"passed","title":"extractExpressionsFromContent convenience function","duration":0.09995800000001509,"failureMessages":[],"meta":{}},{"ancestorTitles":["GhaToolDetector","detectTerraformSteps"],"fullName":"GhaToolDetector detectTerraformSteps should detect terraform init command","status":"passed","title":"should detect terraform init command","duration":0.4000419999999849,"failureMessages":[],"meta":{}},{"ancestorTitles":["GhaToolDetector","detectTerraformSteps"],"fullName":"GhaToolDetector detectTerraformSteps should detect terraform plan command","status":"passed","title":"should detect terraform plan command","duration":0.12020799999993415,"failureMessages":[],"meta":{}},{"ancestorTitles":["GhaToolDetector","detectTerraformSteps"],"fullName":"GhaToolDetector detectTerraformSteps should detect terraform apply command","status":"passed","title":"should detect terraform apply command","duration":0.09225000000003547,"failureMessages":[],"meta":{}},{"ancestorTitles":["GhaToolDetector","detectTerraformSteps"],"fullName":"GhaToolDetector detectTerraformSteps should detect setup-terraform action","status":"passed","title":"should detect setup-terraform action","duration":0.08029099999998834,"failureMessages":[],"meta":{}},{"ancestorTitles":["GhaToolDetector","detectTerraformSteps"],"fullName":"GhaToolDetector detectTerraformSteps should extract working directory","status":"passed","title":"should extract working directory","duration":0.0659170000000131,"failureMessages":[],"meta":{}},{"ancestorTitles":["GhaToolDetector","detectTerraformSteps"],"fullName":"GhaToolDetector detectTerraformSteps should extract var files","status":"passed","title":"should extract var files","duration":0.08683300000006966,"failureMessages":[],"meta":{}},{"ancestorTitles":["GhaToolDetector","detectTerraformSteps"],"fullName":"GhaToolDetector detectTerraformSteps should detect terragrunt commands","status":"passed","title":"should detect terragrunt commands","duration":0.07033300000000509,"failureMessages":[],"meta":{}},{"ancestorTitles":["GhaToolDetector","detectHelmSteps"],"fullName":"GhaToolDetector detectHelmSteps should detect helm upgrade command","status":"passed","title":"should detect helm upgrade command","duration":0.28883299999995415,"failureMessages":[],"meta":{}},{"ancestorTitles":["GhaToolDetector","detectHelmSteps"],"fullName":"GhaToolDetector detectHelmSteps should detect helm install command","status":"passed","title":"should detect helm install command","duration":0.08170800000004874,"failureMessages":[],"meta":{}},{"ancestorTitles":["GhaToolDetector","detectHelmSteps"],"fullName":"GhaToolDetector detectHelmSteps should detect setup-helm action","status":"passed","title":"should detect setup-helm action","duration":0.07291599999996379,"failureMessages":[],"meta":{}},{"ancestorTitles":["GhaToolDetector","detectHelmSteps"],"fullName":"GhaToolDetector detectHelmSteps should extract release name","status":"passed","title":"should extract release name","duration":0.06499999999994088,"failureMessages":[],"meta":{}},{"ancestorTitles":["GhaToolDetector","detectHelmSteps"],"fullName":"GhaToolDetector detectHelmSteps should extract namespace","status":"passed","title":"should extract namespace","duration":0.06725000000005821,"failureMessages":[],"meta":{}},{"ancestorTitles":["GhaToolDetector","detectHelmSteps"],"fullName":"GhaToolDetector detectHelmSteps should extract values files","status":"passed","title":"should extract values files","duration":0.06612500000005639,"failureMessages":[],"meta":{}},{"ancestorTitles":["GhaToolDetector","detectHelmSteps"],"fullName":"GhaToolDetector detectHelmSteps should detect dry-run flag","status":"passed","title":"should detect dry-run flag","duration":0.06016699999997854,"failureMessages":[],"meta":{}},{"ancestorTitles":["GhaToolDetector","detectHelmSteps"],"fullName":"GhaToolDetector detectHelmSteps should detect atomic and wait flags","status":"passed","title":"should detect atomic and wait flags","duration":0.06900000000007367,"failureMessages":[],"meta":{}},{"ancestorTitles":["GhaToolDetector","mightContainTerraform"],"fullName":"GhaToolDetector mightContainTerraform should return true for terraform run steps","status":"passed","title":"should return true for terraform run steps","duration":0.18995799999993324,"failureMessages":[],"meta":{}},{"ancestorTitles":["GhaToolDetector","mightContainTerraform"],"fullName":"GhaToolDetector mightContainTerraform should return true for terraform action","status":"passed","title":"should return true for terraform action","duration":0.22629200000005767,"failureMessages":[],"meta":{}},{"ancestorTitles":["GhaToolDetector","mightContainTerraform"],"fullName":"GhaToolDetector mightContainTerraform should return false for non-terraform steps","status":"passed","title":"should return false for non-terraform steps","duration":0.11612500000001091,"failureMessages":[],"meta":{}},{"ancestorTitles":["GhaToolDetector","mightContainHelm"],"fullName":"GhaToolDetector mightContainHelm should return true for helm run steps","status":"passed","title":"should return true for helm run steps","duration":0.08466599999997015,"failureMessages":[],"meta":{}},{"ancestorTitles":["GhaToolDetector","mightContainHelm"],"fullName":"GhaToolDetector mightContainHelm should return true for helm action","status":"passed","title":"should return true for helm action","duration":0.05720900000005713,"failureMessages":[],"meta":{}},{"ancestorTitles":["GhaToolDetector","mightContainHelm"],"fullName":"GhaToolDetector mightContainHelm should return false for non-helm steps","status":"passed","title":"should return false for non-helm steps","duration":0.05499999999994998,"failureMessages":[],"meta":{}},{"ancestorTitles":["Type Guards","Step Type Guards"],"fullName":"Type Guards Step Type Guards isGhaRunStep should identify run steps","status":"passed","title":"isGhaRunStep should identify run steps","duration":0.0767919999999549,"failureMessages":[],"meta":{}},{"ancestorTitles":["Type Guards","Step Type Guards"],"fullName":"Type Guards Step Type Guards isGhaUsesStep should identify uses steps","status":"passed","title":"isGhaUsesStep should identify uses steps","duration":0.06358299999999417,"failureMessages":[],"meta":{}},{"ancestorTitles":["Type Guards","Node Type Guards"],"fullName":"Type Guards Node Type Guards should identify node types correctly","status":"passed","title":"should identify node types correctly","duration":0.5202500000000327,"failureMessages":[],"meta":{}},{"ancestorTitles":["Type Guards","Trigger Type Guards"],"fullName":"Type Guards Trigger Type Guards should identify trigger types correctly","status":"passed","title":"should identify trigger types correctly","duration":1.0249999999999773,"failureMessages":[],"meta":{}},{"ancestorTitles":["Type Guards","Tool Step Info Type Guards"],"fullName":"Type Guards Tool Step Info Type Guards isTerraformStepInfo should identify terraform steps","status":"passed","title":"isTerraformStepInfo should identify terraform steps","duration":0.38066600000001927,"failureMessages":[],"meta":{}},{"ancestorTitles":["Type Guards","Tool Step Info Type Guards"],"fullName":"Type Guards Tool Step Info Type Guards isHelmStepInfo should identify helm steps","status":"passed","title":"isHelmStepInfo should identify helm steps","duration":0.351291999999944,"failureMessages":[],"meta":{}},{"ancestorTitles":["Type Guards","Expression Type Guards"],"fullName":"Type Guards Expression Type Guards isGhaExpression should identify expressions","status":"passed","title":"isGhaExpression should identify expressions","duration":0.094791999999984,"failureMessages":[],"meta":{}},{"ancestorTitles":["Type Guards","Expression Type Guards"],"fullName":"Type Guards Expression Type Guards isGhaContextReference should identify context references","status":"passed","title":"isGhaContextReference should identify context references","duration":0.08825000000001637,"failureMessages":[],"meta":{}},{"ancestorTitles":["ID Factory Functions"],"fullName":"ID Factory Functions createGhaWorkflowId should create branded workflow ID","status":"passed","title":"createGhaWorkflowId should create branded workflow ID","duration":0.051584000000048036,"failureMessages":[],"meta":{}},{"ancestorTitles":["ID Factory Functions"],"fullName":"ID Factory Functions createGhaJobId should create branded job ID","status":"passed","title":"createGhaJobId should create branded job ID","duration":0.04862500000001546,"failureMessages":[],"meta":{}},{"ancestorTitles":["ID Factory Functions"],"fullName":"ID Factory Functions createGhaStepId should create branded step ID","status":"passed","title":"createGhaStepId should create branded step ID","duration":0.04870800000003328,"failureMessages":[],"meta":{}}],"startTime":1770114771524,"endTime":1770114771588.3513,"status":"passed","message":"","name":"/Volumes/Externalwork/code-reviewer/api/tests/parsers/github-actions/gha-parser.test.ts"}]}